Using pre-set license
Built from '2020.2/release' branch; Version is '2020.2.4f1 (becced5a802b) revision 12504301'; Using compiler version '192528614'; Build Type 'Release'
OS: 'Windows 10 Home; OS build 19041.804; Version 2004; 64bit' Language: 'en' Physical Memory: 16277 MB
BatchMode: 1, IsHumanControllingUs: 0, StartBugReporterOnCrash: 0, Is64bit: 1, IsPro: 0

 COMMAND LINE ARGUMENTS:
D:\Program Files (x86)\Unity\2020.2.4f1\Editor\Unity.exe
-adb2
-batchMode
-noUpm
-name
AssetImportWorker1
-projectPath
D:/WorkShop/Vr-game_demo-2021/VR_FPS_DEMO
-logFile
Logs/AssetImportWorker1.log
-srvPort
49393
Successfully changed project path to: D:/WorkShop/Vr-game_demo-2021/VR_FPS_DEMO
D:/WorkShop/Vr-game_demo-2021/VR_FPS_DEMO
Using Asset Import Pipeline V2.
Refreshing native plugins compatible for Editor in 20.75 ms, found 0 plugins.
Preloading 0 native plugins for Editor in 0.00 ms.
Initialize engine version: 2020.2.4f1 (becced5a802b)
[Subsystems] Discovering subsystems at path D:/Program Files (x86)/Unity/2020.2.4f1/Editor/Data/Resources/UnitySubsystems
[Subsystems] Discovering subsystems at path D:/WorkShop/Vr-game_demo-2021/VR_FPS_DEMO/Assets
GfxDevice: creating device client; threaded=0
Direct3D:
    Version:  Direct3D 11.0 [level 11.1]
    Renderer: NVIDIA GeForce GTX 1070 (ID=0x1b81)
    Vendor:   
    VRAM:     8088 MB
    Driver:   27.21.14.6140
Initialize mono
Mono path[0] = 'D:/Program Files (x86)/Unity/2020.2.4f1/Editor/Data/Managed'
Mono path[1] = 'D:/Program Files (x86)/Unity/2020.2.4f1/Editor/Data/MonoBleedingEdge/lib/mono/unityjit'
Mono config path = 'D:/Program Files (x86)/Unity/2020.2.4f1/Editor/Data/MonoBleedingEdge/etc'
Using monoOptions --debugger-agent=transport=dt_socket,embedding=1,server=y,suspend=n,address=127.0.0.1:56012
Begin MonoManager ReloadAssembly
Registering precompiled unity dll's ...
Register platform support module: D:/Program Files (x86)/Unity/2020.2.4f1/Editor/Data/PlaybackEngines/WebGLSupport/UnityEditor.WebGL.Extensions.dll
Register platform support module: D:/Program Files (x86)/Unity/2020.2.4f1/Editor/Data/PlaybackEngines/WindowsStandaloneSupport/UnityEditor.WindowsStandalone.Extensions.dll
Registered in 0.001176 seconds.
Native extension for WindowsStandalone target not found
Native extension for WebGL target not found
Refreshing native plugins compatible for Editor in 20.44 ms, found 0 plugins.
Preloading 0 native plugins for Editor in 0.00 ms.
Invoked RoslynAnalysisRunner static constructor.
RoslynAnalysisRunner will not be running.
RoslynAnalysisRunner has terminated.
Mono: successfully reloaded assembly
- Completed reload, in  1.025 seconds
Platform modules already initialized, skipping
Registering precompiled user dll's ...
Registered in 0.000411 seconds.
Begin MonoManager ReloadAssembly
Native extension for WindowsStandalone target not found
Native extension for WebGL target not found
Refreshing native plugins compatible for Editor in 0.25 ms, found 0 plugins.
Preloading 0 native plugins for Editor in 0.00 ms.
Invoked RoslynAnalysisRunner static constructor.
RoslynAnalysisRunner will not be running.
RoslynAnalysisRunner has terminated.
Mono: successfully reloaded assembly
- Completed reload, in  0.813 seconds
Platform modules already initialized, skipping
========================================================================
Worker process is ready to serve import requests
Launched and connected shader compiler UnityShaderCompiler.exe after 0.04 seconds
Refreshing native plugins compatible for Editor in 0.50 ms, found 0 plugins.
Preloading 0 native plugins for Editor in 0.00 ms.
Unloading 1107 Unused Serialized files (Serialized files now loaded: 0)
System memory in use before: 56.8 MB.
System memory in use after: 56.9 MB.

Unloading 10 unused Assets to reduce memory usage. Loaded Objects now: 1548.
Total: 1.656000 ms (FindLiveObjects: 0.127900 ms CreateObjectMapping: 0.033800 ms MarkObjects: 1.414600 ms  DeleteObjects: 0.078700 ms)

========================================================================
Received Import Request.
  path: Assets/Objects/Bullet.prefab
  artifactKey: Guid(2a8ca77fffc87d04ca53dbfff9716d10) Importer(815301076,1909f56bfc062723c751e8b465ee728b)
Start importing Assets/Objects/Bullet.prefab using Guid(2a8ca77fffc87d04ca53dbfff9716d10) Importer(815301076,1909f56bfc062723c751e8b465ee728b)  -> (artifact id: '798f98392d3d29d73821f3c26be0a410') in 0.104871 seconds
  Import took 0.107043 seconds .

========================================================================
Received Import Request.
  Time since last request: 9.125282 seconds.
  path: Assets/Objects/Bullet.prefab
  artifactKey: Guid(2a8ca77fffc87d04ca53dbfff9716d10) Importer(815301076,1909f56bfc062723c751e8b465ee728b)
Start importing Assets/Objects/Bullet.prefab using Guid(2a8ca77fffc87d04ca53dbfff9716d10) Importer(815301076,1909f56bfc062723c751e8b465ee728b)  -> (artifact id: '47e3d9a0eae82cb74b5a5e7a7f805096') in 0.011139 seconds
  Import took 0.013549 seconds .

========================================================================
Received Import Request.
  Time since last request: 7.487527 seconds.
  path: Assets/Objects/Bullet.prefab
  artifactKey: Guid(2a8ca77fffc87d04ca53dbfff9716d10) Importer(815301076,1909f56bfc062723c751e8b465ee728b)
Start importing Assets/Objects/Bullet.prefab using Guid(2a8ca77fffc87d04ca53dbfff9716d10) Importer(815301076,1909f56bfc062723c751e8b465ee728b)  -> (artifact id: '6937862b494a6cc821ef5f05f83f287a') in 0.009598 seconds
  Import took 0.012249 seconds .

========================================================================
Received Prepare
Registering precompiled user dll's ...
Registered in 0.000472 seconds.
Begin MonoManager ReloadAssembly
Native extension for WindowsStandalone target not found
Native extension for WebGL target not found
Refreshing native plugins compatible for Editor in 0.26 ms, found 0 plugins.
Preloading 0 native plugins for Editor in 0.00 ms.
Invoked RoslynAnalysisRunner static constructor.
RoslynAnalysisRunner will not be running.
RoslynAnalysisRunner has terminated.
Mono: successfully reloaded assembly
- Completed reload, in  0.789 seconds
Platform modules already initialized, skipping
Refreshing native plugins compatible for Editor in 0.24 ms, found 0 plugins.
Preloading 0 native plugins for Editor in 0.00 ms.
Unloading 1102 Unused Serialized files (Serialized files now loaded: 0)
System memory in use before: 59.9 MB.
System memory in use after: 60.0 MB.

Unloading 5 unused Assets to reduce memory usage. Loaded Objects now: 1558.
Total: 2.324800 ms (FindLiveObjects: 0.144000 ms CreateObjectMapping: 0.034900 ms MarkObjects: 2.078700 ms  DeleteObjects: 0.065800 ms)

========================================================================
Received Prepare
Registering precompiled user dll's ...
Registered in 0.000450 seconds.
Begin MonoManager ReloadAssembly
Native extension for WindowsStandalone target not found
Native extension for WebGL target not found
Refreshing native plugins compatible for Editor in 0.25 ms, found 0 plugins.
Preloading 0 native plugins for Editor in 0.00 ms.
Invoked RoslynAnalysisRunner static constructor.
RoslynAnalysisRunner will not be running.
RoslynAnalysisRunner has terminated.
Mono: successfully reloaded assembly
- Completed reload, in  0.837 seconds
Platform modules already initialized, skipping
Refreshing native plugins compatible for Editor in 0.24 ms, found 0 plugins.
Preloading 0 native plugins for Editor in 0.00 ms.
Unloading 1102 Unused Serialized files (Serialized files now loaded: 0)
System memory in use before: 59.9 MB.
System memory in use after: 60.0 MB.

Unloading 5 unused Assets to reduce memory usage. Loaded Objects now: 1560.
Total: 1.594200 ms (FindLiveObjects: 0.129500 ms CreateObjectMapping: 0.034900 ms MarkObjects: 1.379000 ms  DeleteObjects: 0.049800 ms)

========================================================================
Received Import Request.
  Time since last request: 47.534919 seconds.
  path: Assets/Objects/Bullet.prefab
  artifactKey: Guid(2a8ca77fffc87d04ca53dbfff9716d10) Importer(815301076,1909f56bfc062723c751e8b465ee728b)
Start importing Assets/Objects/Bullet.prefab using Guid(2a8ca77fffc87d04ca53dbfff9716d10) Importer(815301076,1909f56bfc062723c751e8b465ee728b)  -> (artifact id: '3d7dfbf3fd89c3f7bab14817dd123fe8') in 0.065005 seconds
  Import took 0.067656 seconds .

========================================================================
Received Prepare
Registering precompiled user dll's ...
Registered in 0.000552 seconds.
Begin MonoManager ReloadAssembly
Native extension for WindowsStandalone target not found
Native extension for WebGL target not found
Refreshing native plugins compatible for Editor in 0.25 ms, found 0 plugins.
Preloading 0 native plugins for Editor in 0.00 ms.
Invoked RoslynAnalysisRunner static constructor.
RoslynAnalysisRunner will not be running.
RoslynAnalysisRunner has terminated.
Mono: successfully reloaded assembly
- Completed reload, in  0.744 seconds
Platform modules already initialized, skipping
Refreshing native plugins compatible for Editor in 0.25 ms, found 0 plugins.
Preloading 0 native plugins for Editor in 0.00 ms.
Unloading 1102 Unused Serialized files (Serialized files now loaded: 0)
System memory in use before: 60.0 MB.
System memory in use after: 60.0 MB.

Unloading 5 unused Assets to reduce memory usage. Loaded Objects now: 1563.
Total: 1.606200 ms (FindLiveObjects: 0.124300 ms CreateObjectMapping: 0.034700 ms MarkObjects: 1.377500 ms  DeleteObjects: 0.051400 ms)

========================================================================
Received Import Request.
  Time since last request: 19.519726 seconds.
  path: Assets/Objects/Bullet.prefab
  artifactKey: Guid(2a8ca77fffc87d04ca53dbfff9716d10) Importer(815301076,1909f56bfc062723c751e8b465ee728b)
Start importing Assets/Objects/Bullet.prefab using Guid(2a8ca77fffc87d04ca53dbfff9716d10) Importer(815301076,1909f56bfc062723c751e8b465ee728b)  -> (artifact id: '304313c0b4e1d91ecb9449c6928a3fe7') in 0.060736 seconds
  Import took 0.062949 seconds .

========================================================================
Received Import Request.
  Time since last request: 8.718942 seconds.
  path: Assets/Objects/Bullet.prefab
  artifactKey: Guid(2a8ca77fffc87d04ca53dbfff9716d10) Importer(815301076,1909f56bfc062723c751e8b465ee728b)
Start importing Assets/Objects/Bullet.prefab using Guid(2a8ca77fffc87d04ca53dbfff9716d10) Importer(815301076,1909f56bfc062723c751e8b465ee728b)  -> (artifact id: 'd0622c05edb8e14fbe21df65e88ead2d') in 0.012171 seconds
  Import took 0.015024 seconds .

========================================================================
Received Import Request.
  Time since last request: 3.668305 seconds.
  path: Assets/Objects/Bullet.prefab
  artifactKey: Guid(2a8ca77fffc87d04ca53dbfff9716d10) Importer(815301076,1909f56bfc062723c751e8b465ee728b)
Start importing Assets/Objects/Bullet.prefab using Guid(2a8ca77fffc87d04ca53dbfff9716d10) Importer(815301076,1909f56bfc062723c751e8b465ee728b)  -> (artifact id: 'faa130fe2ff6b29445382176b4b62112') in 0.013797 seconds
  Import took 0.016672 seconds .

========================================================================
Received Import Request.
  Time since last request: 4.429166 seconds.
  path: Assets/Objects/Bullet.prefab
  artifactKey: Guid(2a8ca77fffc87d04ca53dbfff9716d10) Importer(815301076,1909f56bfc062723c751e8b465ee728b)
Start importing Assets/Objects/Bullet.prefab using Guid(2a8ca77fffc87d04ca53dbfff9716d10) Importer(815301076,1909f56bfc062723c751e8b465ee728b)  -> (artifact id: 'bf09fda1dc5fef1b1c8db9b61776362d') in 0.017243 seconds
  Import took 0.020552 seconds .

========================================================================
Received Import Request.
  Time since last request: 4.885929 seconds.
  path: Assets/Objects/Bullet.prefab
  artifactKey: Guid(2a8ca77fffc87d04ca53dbfff9716d10) Importer(815301076,1909f56bfc062723c751e8b465ee728b)
Start importing Assets/Objects/Bullet.prefab using Guid(2a8ca77fffc87d04ca53dbfff9716d10) Importer(815301076,1909f56bfc062723c751e8b465ee728b)  -> (artifact id: '7fc9e3e09b05f2547c6dedcb92d47aa1') in 0.014073 seconds
  Import took 0.016274 seconds .

========================================================================
Received Import Request.
  Time since last request: 7.173736 seconds.
  path: Assets/Objects/Bullet.prefab
  artifactKey: Guid(2a8ca77fffc87d04ca53dbfff9716d10) Importer(815301076,1909f56bfc062723c751e8b465ee728b)
Start importing Assets/Objects/Bullet.prefab using Guid(2a8ca77fffc87d04ca53dbfff9716d10) Importer(815301076,1909f56bfc062723c751e8b465ee728b)  -> (artifact id: '7e832400ba32b085e61389e7a7b8fa6c') in 0.011732 seconds
  Import took 0.014037 seconds .

========================================================================
Received Import Request.
  Time since last request: 4.665181 seconds.
  path: Assets/Objects/Bullet.prefab
  artifactKey: Guid(2a8ca77fffc87d04ca53dbfff9716d10) Importer(815301076,1909f56bfc062723c751e8b465ee728b)
Start importing Assets/Objects/Bullet.prefab using Guid(2a8ca77fffc87d04ca53dbfff9716d10) Importer(815301076,1909f56bfc062723c751e8b465ee728b)  -> (artifact id: '7089728216b60b5d5fe6c47bf469d87f') in 0.010483 seconds
  Import took 0.013056 seconds .

========================================================================
Received Import Request.
  Time since last request: 2.201344 seconds.
  path: Assets/Objects/Bullet.prefab
  artifactKey: Guid(2a8ca77fffc87d04ca53dbfff9716d10) Importer(815301076,1909f56bfc062723c751e8b465ee728b)
Start importing Assets/Objects/Bullet.prefab using Guid(2a8ca77fffc87d04ca53dbfff9716d10) Importer(815301076,1909f56bfc062723c751e8b465ee728b)  -> (artifact id: 'ea0feb611b3e74cbbc064e06784b7afd') in 0.010755 seconds
  Import took 0.013666 seconds .

========================================================================
Received Import Request.
  Time since last request: 8.930860 seconds.
  path: Assets/Objects/Bullet.prefab
  artifactKey: Guid(2a8ca77fffc87d04ca53dbfff9716d10) Importer(815301076,1909f56bfc062723c751e8b465ee728b)
Start importing Assets/Objects/Bullet.prefab using Guid(2a8ca77fffc87d04ca53dbfff9716d10) Importer(815301076,1909f56bfc062723c751e8b465ee728b)  -> (artifact id: 'faec8f1e13bf77d190a759821eb5d2e6') in 0.012933 seconds
  Import took 0.015738 seconds .

========================================================================
Received Prepare
Registering precompiled user dll's ...
Registered in 0.000482 seconds.
Begin MonoManager ReloadAssembly
Native extension for WindowsStandalone target not found
Native extension for WebGL target not found
Refreshing native plugins compatible for Editor in 0.28 ms, found 0 plugins.
Preloading 0 native plugins for Editor in 0.00 ms.
Invoked RoslynAnalysisRunner static constructor.
RoslynAnalysisRunner will not be running.
RoslynAnalysisRunner has terminated.
Mono: successfully reloaded assembly
- Completed reload, in  0.784 seconds
Platform modules already initialized, skipping
Refreshing native plugins compatible for Editor in 0.25 ms, found 0 plugins.
Preloading 0 native plugins for Editor in 0.00 ms.
Unloading 1102 Unused Serialized files (Serialized files now loaded: 0)
System memory in use before: 60.0 MB.
System memory in use after: 60.1 MB.

Unloading 5 unused Assets to reduce memory usage. Loaded Objects now: 1566.
Total: 1.722800 ms (FindLiveObjects: 0.201400 ms CreateObjectMapping: 0.050400 ms MarkObjects: 1.403100 ms  DeleteObjects: 0.066500 ms)

========================================================================
Received Import Request.
  Time since last request: 20.585901 seconds.
  path: Assets/Objects/Bullet.prefab
  artifactKey: Guid(2a8ca77fffc87d04ca53dbfff9716d10) Importer(815301076,1909f56bfc062723c751e8b465ee728b)
Start importing Assets/Objects/Bullet.prefab using Guid(2a8ca77fffc87d04ca53dbfff9716d10) Importer(815301076,1909f56bfc062723c751e8b465ee728b)  -> (artifact id: '73dd347da7ac074ee30d596dafb54019') in 0.068257 seconds
  Import took 0.070673 seconds .

========================================================================
Received Prepare
Registering precompiled user dll's ...
Registered in 0.000823 seconds.
Begin MonoManager ReloadAssembly
Native extension for WindowsStandalone target not found
Native extension for WebGL target not found
Refreshing native plugins compatible for Editor in 0.25 ms, found 0 plugins.
Preloading 0 native plugins for Editor in 0.00 ms.
Invoked RoslynAnalysisRunner static constructor.
RoslynAnalysisRunner will not be running.
RoslynAnalysisRunner has terminated.
Mono: successfully reloaded assembly
- Completed reload, in  0.751 seconds
Platform modules already initialized, skipping
Refreshing native plugins compatible for Editor in 0.27 ms, found 0 plugins.
Preloading 0 native plugins for Editor in 0.00 ms.
Unloading 1102 Unused Serialized files (Serialized files now loaded: 0)
System memory in use before: 60.0 MB.
System memory in use after: 60.1 MB.

Unloading 5 unused Assets to reduce memory usage. Loaded Objects now: 1569.
Total: 1.647400 ms (FindLiveObjects: 0.135800 ms CreateObjectMapping: 0.034300 ms MarkObjects: 1.419500 ms  DeleteObjects: 0.056500 ms)

========================================================================
Received Import Request.
  Time since last request: 19.853532 seconds.
  path: Assets/Objects/Bullet.prefab
  artifactKey: Guid(2a8ca77fffc87d04ca53dbfff9716d10) Importer(815301076,1909f56bfc062723c751e8b465ee728b)
Start importing Assets/Objects/Bullet.prefab using Guid(2a8ca77fffc87d04ca53dbfff9716d10) Importer(815301076,1909f56bfc062723c751e8b465ee728b)  -> (artifact id: '75a308ab75c7df6c938dddfcd9f06e28') in 0.061386 seconds
  Import took 0.063993 seconds .

========================================================================
Received Prepare
Registering precompiled user dll's ...
Registered in 0.000505 seconds.
Begin MonoManager ReloadAssembly
Native extension for WindowsStandalone target not found
Native extension for WebGL target not found
Refreshing native plugins compatible for Editor in 0.33 ms, found 0 plugins.
Preloading 0 native plugins for Editor in 0.00 ms.
Invoked RoslynAnalysisRunner static constructor.
RoslynAnalysisRunner will not be running.
RoslynAnalysisRunner has terminated.
Mono: successfully reloaded assembly
- Completed reload, in  0.905 seconds
Platform modules already initialized, skipping
Refreshing native plugins compatible for Editor in 0.27 ms, found 0 plugins.
Preloading 0 native plugins for Editor in 0.00 ms.
Unloading 1102 Unused Serialized files (Serialized files now loaded: 0)
System memory in use before: 60.0 MB.
System memory in use after: 60.1 MB.

Unloading 5 unused Assets to reduce memory usage. Loaded Objects now: 1572.
Total: 1.965200 ms (FindLiveObjects: 0.136100 ms CreateObjectMapping: 0.040100 ms MarkObjects: 1.731700 ms  DeleteObjects: 0.055700 ms)

========================================================================
Received Import Request.
  Time since last request: 18.731829 seconds.
  path: Assets/Objects/Bullet.prefab
  artifactKey: Guid(2a8ca77fffc87d04ca53dbfff9716d10) Importer(815301076,1909f56bfc062723c751e8b465ee728b)
Start importing Assets/Objects/Bullet.prefab using Guid(2a8ca77fffc87d04ca53dbfff9716d10) Importer(815301076,1909f56bfc062723c751e8b465ee728b)  -> (artifact id: 'efb4c8d444b5297512dc9dfa5ac6218a') in 0.062749 seconds
  Import took 0.065347 seconds .

========================================================================
Received Import Request.
  Time since last request: 3.304748 seconds.
  path: Assets/Objects/Bullet.prefab
  artifactKey: Guid(2a8ca77fffc87d04ca53dbfff9716d10) Importer(815301076,1909f56bfc062723c751e8b465ee728b)
Start importing Assets/Objects/Bullet.prefab using Guid(2a8ca77fffc87d04ca53dbfff9716d10) Importer(815301076,1909f56bfc062723c751e8b465ee728b)  -> (artifact id: 'e6e5e80d3466e5264ff83be22195a1f8') in 0.011698 seconds
  Import took 0.014027 seconds .

========================================================================
Received Prepare
Registering precompiled user dll's ...
Registered in 0.000795 seconds.
Begin MonoManager ReloadAssembly
Native extension for WindowsStandalone target not found
Native extension for WebGL target not found
Refreshing native plugins compatible for Editor in 0.26 ms, found 0 plugins.
Preloading 0 native plugins for Editor in 0.00 ms.
Invoked RoslynAnalysisRunner static constructor.
RoslynAnalysisRunner will not be running.
RoslynAnalysisRunner has terminated.
Mono: successfully reloaded assembly
- Completed reload, in  0.741 seconds
Platform modules already initialized, skipping
Refreshing native plugins compatible for Editor in 0.24 ms, found 0 plugins.
Preloading 0 native plugins for Editor in 0.00 ms.
Unloading 1102 Unused Serialized files (Serialized files now loaded: 0)
System memory in use before: 60.0 MB.
System memory in use after: 60.1 MB.

Unloading 5 unused Assets to reduce memory usage. Loaded Objects now: 1575.
Total: 1.796500 ms (FindLiveObjects: 0.206800 ms CreateObjectMapping: 0.054000 ms MarkObjects: 1.474300 ms  DeleteObjects: 0.060400 ms)

========================================================================
Received Import Request.
  Time since last request: 17.881443 seconds.
  path: Assets/Objects/Bullet.prefab
  artifactKey: Guid(2a8ca77fffc87d04ca53dbfff9716d10) Importer(815301076,1909f56bfc062723c751e8b465ee728b)
Start importing Assets/Objects/Bullet.prefab using Guid(2a8ca77fffc87d04ca53dbfff9716d10) Importer(815301076,1909f56bfc062723c751e8b465ee728b)  -> (artifact id: '0c7f24695caf1ff3b0a7b4539a3bedbe') in 0.065352 seconds
  Import took 0.067545 seconds .

========================================================================
Received Prepare
Registering precompiled user dll's ...
Registered in 0.000547 seconds.
Begin MonoManager ReloadAssembly
Native extension for WindowsStandalone target not found
Native extension for WebGL target not found
Refreshing native plugins compatible for Editor in 0.24 ms, found 0 plugins.
Preloading 0 native plugins for Editor in 0.00 ms.
Invoked RoslynAnalysisRunner static constructor.
RoslynAnalysisRunner will not be running.
RoslynAnalysisRunner has terminated.
Mono: successfully reloaded assembly
- Completed reload, in  0.746 seconds
Platform modules already initialized, skipping
Refreshing native plugins compatible for Editor in 0.24 ms, found 0 plugins.
Preloading 0 native plugins for Editor in 0.00 ms.
Unloading 1102 Unused Serialized files (Serialized files now loaded: 0)
System memory in use before: 60.1 MB.
System memory in use after: 60.2 MB.

Unloading 5 unused Assets to reduce memory usage. Loaded Objects now: 1578.
Total: 2.155900 ms (FindLiveObjects: 0.217400 ms CreateObjectMapping: 0.056600 ms MarkObjects: 1.821200 ms  DeleteObjects: 0.059300 ms)

========================================================================
Received Import Request.
  Time since last request: 16.376578 seconds.
  path: Assets/Objects/Bullet.prefab
  artifactKey: Guid(2a8ca77fffc87d04ca53dbfff9716d10) Importer(815301076,1909f56bfc062723c751e8b465ee728b)
Start importing Assets/Objects/Bullet.prefab using Guid(2a8ca77fffc87d04ca53dbfff9716d10) Importer(815301076,1909f56bfc062723c751e8b465ee728b)  -> (artifact id: 'c98c01007d6b377c8033260f7a87b1da') in 0.063905 seconds
  Import took 0.066696 seconds .

========================================================================
Received Import Request.
  Time since last request: 1.725854 seconds.
  path: Assets/Objects/Bullet.prefab
  artifactKey: Guid(2a8ca77fffc87d04ca53dbfff9716d10) Importer(815301076,1909f56bfc062723c751e8b465ee728b)
Start importing Assets/Objects/Bullet.prefab using Guid(2a8ca77fffc87d04ca53dbfff9716d10) Importer(815301076,1909f56bfc062723c751e8b465ee728b)  -> (artifact id: 'd17a121a8a4073acefc896e9e69db58a') in 0.009097 seconds
  Import took 0.011747 seconds .

========================================================================
Received Import Request.
  Time since last request: 1.213609 seconds.
  path: Assets/Objects/Bullet.prefab
  artifactKey: Guid(2a8ca77fffc87d04ca53dbfff9716d10) Importer(815301076,1909f56bfc062723c751e8b465ee728b)
Start importing Assets/Objects/Bullet.prefab using Guid(2a8ca77fffc87d04ca53dbfff9716d10) Importer(815301076,1909f56bfc062723c751e8b465ee728b)  -> (artifact id: '5d4671025186f09c7bad167de93ea109') in 0.010599 seconds
  Import took 0.012981 seconds .

========================================================================
Received Prepare
Registering precompiled user dll's ...
Registered in 0.000507 seconds.
Begin MonoManager ReloadAssembly
Native extension for WindowsStandalone target not found
Native extension for WebGL target not found
Refreshing native plugins compatible for Editor in 0.24 ms, found 0 plugins.
Preloading 0 native plugins for Editor in 0.00 ms.
Invoked RoslynAnalysisRunner static constructor.
RoslynAnalysisRunner will not be running.
RoslynAnalysisRunner has terminated.
Mono: successfully reloaded assembly
- Completed reload, in  0.734 seconds
Platform modules already initialized, skipping
Refreshing native plugins compatible for Editor in 0.24 ms, found 0 plugins.
Preloading 0 native plugins for Editor in 0.00 ms.
Unloading 1102 Unused Serialized files (Serialized files now loaded: 0)
System memory in use before: 60.1 MB.
System memory in use after: 60.2 MB.

Unloading 5 unused Assets to reduce memory usage. Loaded Objects now: 1581.
Total: 1.927800 ms (FindLiveObjects: 0.232300 ms CreateObjectMapping: 0.060800 ms MarkObjects: 1.560500 ms  DeleteObjects: 0.072500 ms)

========================================================================
Received Import Request.
  Time since last request: 24.478069 seconds.
  path: Assets/Objects/Bullet.prefab
  artifactKey: Guid(2a8ca77fffc87d04ca53dbfff9716d10) Importer(815301076,1909f56bfc062723c751e8b465ee728b)
Start importing Assets/Objects/Bullet.prefab using Guid(2a8ca77fffc87d04ca53dbfff9716d10) Importer(815301076,1909f56bfc062723c751e8b465ee728b)  -> (artifact id: '0fb4aae709434b13651063610cb4ff92') in 0.055009 seconds
  Import took 0.057718 seconds .

========================================================================
Received Prepare
Registering precompiled user dll's ...
Registered in 0.000553 seconds.
Begin MonoManager ReloadAssembly
Native extension for WindowsStandalone target not found
Native extension for WebGL target not found
Refreshing native plugins compatible for Editor in 0.25 ms, found 0 plugins.
Preloading 0 native plugins for Editor in 0.00 ms.
Invoked RoslynAnalysisRunner static constructor.
RoslynAnalysisRunner will not be running.
RoslynAnalysisRunner has terminated.
Mono: successfully reloaded assembly
- Completed reload, in  0.744 seconds
Platform modules already initialized, skipping
Refreshing native plugins compatible for Editor in 0.25 ms, found 0 plugins.
Preloading 0 native plugins for Editor in 0.00 ms.
Unloading 1102 Unused Serialized files (Serialized files now loaded: 0)
System memory in use before: 60.1 MB.
System memory in use after: 60.2 MB.

Unloading 5 unused Assets to reduce memory usage. Loaded Objects now: 1584.
Total: 1.845000 ms (FindLiveObjects: 0.231800 ms CreateObjectMapping: 0.061600 ms MarkObjects: 1.486200 ms  DeleteObjects: 0.064000 ms)

========================================================================
Received Import Request.
  Time since last request: 16.898340 seconds.
  path: Assets/Objects/Bullet.prefab
  artifactKey: Guid(2a8ca77fffc87d04ca53dbfff9716d10) Importer(815301076,1909f56bfc062723c751e8b465ee728b)
Start importing Assets/Objects/Bullet.prefab using Guid(2a8ca77fffc87d04ca53dbfff9716d10) Importer(815301076,1909f56bfc062723c751e8b465ee728b)  -> (artifact id: '7ff8068aecab63eea093ba4b8ee13627') in 0.066272 seconds
  Import took 0.069047 seconds .

========================================================================
Received Import Request.
  Time since last request: 1.304567 seconds.
  path: Assets/Objects/Bullet.prefab
  artifactKey: Guid(2a8ca77fffc87d04ca53dbfff9716d10) Importer(815301076,1909f56bfc062723c751e8b465ee728b)
Start importing Assets/Objects/Bullet.prefab using Guid(2a8ca77fffc87d04ca53dbfff9716d10) Importer(815301076,1909f56bfc062723c751e8b465ee728b)  -> (artifact id: 'cc4ccdfff3182733996bf8c676e4ae39') in 0.009201 seconds
  Import took 0.011360 seconds .

========================================================================
Received Import Request.
  Time since last request: 3.628797 seconds.
  path: Assets/Objects/Bullet.prefab
  artifactKey: Guid(2a8ca77fffc87d04ca53dbfff9716d10) Importer(815301076,1909f56bfc062723c751e8b465ee728b)
Start importing Assets/Objects/Bullet.prefab using Guid(2a8ca77fffc87d04ca53dbfff9716d10) Importer(815301076,1909f56bfc062723c751e8b465ee728b)  -> (artifact id: 'b1b440f39d384deebfb92de0907600da') in 0.010409 seconds
  Import took 0.013066 seconds .

========================================================================
Received Prepare
Registering precompiled user dll's ...
Registered in 0.000476 seconds.
Begin MonoManager ReloadAssembly
Native extension for WindowsStandalone target not found
Native extension for WebGL target not found
Refreshing native plugins compatible for Editor in 0.25 ms, found 0 plugins.
Preloading 0 native plugins for Editor in 0.00 ms.
Invoked RoslynAnalysisRunner static constructor.
RoslynAnalysisRunner will not be running.
RoslynAnalysisRunner has terminated.
Mono: successfully reloaded assembly
- Completed reload, in  0.731 seconds
Platform modules already initialized, skipping
Refreshing native plugins compatible for Editor in 0.28 ms, found 0 plugins.
Preloading 0 native plugins for Editor in 0.00 ms.
Unloading 1102 Unused Serialized files (Serialized files now loaded: 0)
System memory in use before: 60.1 MB.
System memory in use after: 60.2 MB.

Unloading 5 unused Assets to reduce memory usage. Loaded Objects now: 1587.
Total: 1.811400 ms (FindLiveObjects: 0.178200 ms CreateObjectMapping: 0.034800 ms MarkObjects: 1.533200 ms  DeleteObjects: 0.063800 ms)

========================================================================
Received Import Request.
  Time since last request: 26.001528 seconds.
  path: Assets/Objects/Bullet.prefab
  artifactKey: Guid(2a8ca77fffc87d04ca53dbfff9716d10) Importer(815301076,1909f56bfc062723c751e8b465ee728b)
Start importing Assets/Objects/Bullet.prefab using Guid(2a8ca77fffc87d04ca53dbfff9716d10) Importer(815301076,1909f56bfc062723c751e8b465ee728b)  -> (artifact id: '4b091e666ae816446db627b8474bc924') in 0.057074 seconds
  Import took 0.059861 seconds .

========================================================================
Received Prepare
Registering precompiled user dll's ...
Registered in 0.000526 seconds.
Begin MonoManager ReloadAssembly
Native extension for WindowsStandalone target not found
Native extension for WebGL target not found
Refreshing native plugins compatible for Editor in 0.25 ms, found 0 plugins.
Preloading 0 native plugins for Editor in 0.00 ms.
Invoked RoslynAnalysisRunner static constructor.
RoslynAnalysisRunner will not be running.
RoslynAnalysisRunner has terminated.
Mono: successfully reloaded assembly
- Completed reload, in  0.738 seconds
Platform modules already initialized, skipping
Refreshing native plugins compatible for Editor in 0.26 ms, found 0 plugins.
Preloading 0 native plugins for Editor in 0.00 ms.
Unloading 1102 Unused Serialized files (Serialized files now loaded: 0)
System memory in use before: 60.1 MB.
System memory in use after: 60.2 MB.

Unloading 5 unused Assets to reduce memory usage. Loaded Objects now: 1590.
Total: 1.574400 ms (FindLiveObjects: 0.137700 ms CreateObjectMapping: 0.035300 ms MarkObjects: 1.346900 ms  DeleteObjects: 0.053700 ms)

========================================================================
Received Import Request.
  Time since last request: 15.514696 seconds.
  path: Assets/Objects/Bullet.prefab
  artifactKey: Guid(2a8ca77fffc87d04ca53dbfff9716d10) Importer(815301076,1909f56bfc062723c751e8b465ee728b)
Start importing Assets/Objects/Bullet.prefab using Guid(2a8ca77fffc87d04ca53dbfff9716d10) Importer(815301076,1909f56bfc062723c751e8b465ee728b)  -> (artifact id: '8bda5b9ee59045b9c27f132b347a4039') in 0.074929 seconds
  Import took 0.077635 seconds .

========================================================================
Received Prepare
Registering precompiled user dll's ...
Registered in 0.000488 seconds.
Begin MonoManager ReloadAssembly
Native extension for WindowsStandalone target not found
Native extension for WebGL target not found
Refreshing native plugins compatible for Editor in 0.24 ms, found 0 plugins.
Preloading 0 native plugins for Editor in 0.00 ms.
Invoked RoslynAnalysisRunner static constructor.
RoslynAnalysisRunner will not be running.
RoslynAnalysisRunner has terminated.
Mono: successfully reloaded assembly
- Completed reload, in  0.716 seconds
Platform modules already initialized, skipping
Refreshing native plugins compatible for Editor in 0.24 ms, found 0 plugins.
Preloading 0 native plugins for Editor in 0.00 ms.
Unloading 1102 Unused Serialized files (Serialized files now loaded: 0)
System memory in use before: 60.1 MB.
System memory in use after: 60.2 MB.

Unloading 5 unused Assets to reduce memory usage. Loaded Objects now: 1593.
Total: 1.770200 ms (FindLiveObjects: 0.219600 ms CreateObjectMapping: 0.054900 ms MarkObjects: 1.434200 ms  DeleteObjects: 0.060200 ms)

========================================================================
Received Prepare
Registering precompiled user dll's ...
Registered in 0.000502 seconds.
Begin MonoManager ReloadAssembly
Native extension for WindowsStandalone target not found
Native extension for WebGL target not found
Refreshing native plugins compatible for Editor in 0.24 ms, found 0 plugins.
Preloading 0 native plugins for Editor in 0.00 ms.
Invoked RoslynAnalysisRunner static constructor.
RoslynAnalysisRunner will not be running.
RoslynAnalysisRunner has terminated.
Mono: successfully reloaded assembly
- Completed reload, in  0.759 seconds
Platform modules already initialized, skipping
Refreshing native plugins compatible for Editor in 0.24 ms, found 0 plugins.
Preloading 0 native plugins for Editor in 0.00 ms.
Unloading 1102 Unused Serialized files (Serialized files now loaded: 0)
System memory in use before: 60.1 MB.
System memory in use after: 60.2 MB.

Unloading 5 unused Assets to reduce memory usage. Loaded Objects now: 1595.
Total: 1.598600 ms (FindLiveObjects: 0.131000 ms CreateObjectMapping: 0.034700 ms MarkObjects: 1.360900 ms  DeleteObjects: 0.054100 ms)

========================================================================
Received Prepare
Registering precompiled user dll's ...
Registered in 0.000538 seconds.
Begin MonoManager ReloadAssembly
Native extension for WindowsStandalone target not found
Native extension for WebGL target not found
Refreshing native plugins compatible for Editor in 0.26 ms, found 0 plugins.
Preloading 0 native plugins for Editor in 0.00 ms.
Invoked RoslynAnalysisRunner static constructor.
RoslynAnalysisRunner will not be running.
RoslynAnalysisRunner has terminated.
Mono: successfully reloaded assembly
- Completed reload, in  0.779 seconds
Platform modules already initialized, skipping
Refreshing native plugins compatible for Editor in 0.25 ms, found 0 plugins.
Preloading 0 native plugins for Editor in 0.00 ms.
Unloading 1102 Unused Serialized files (Serialized files now loaded: 0)
System memory in use before: 60.1 MB.
System memory in use after: 60.2 MB.

Unloading 5 unused Assets to reduce memory usage. Loaded Objects now: 1597.
Total: 1.752400 ms (FindLiveObjects: 0.129100 ms CreateObjectMapping: 0.035200 ms MarkObjects: 1.534100 ms  DeleteObjects: 0.052900 ms)

========================================================================
Received Import Request.
  Time since last request: 107.863083 seconds.
  path: Assets/Objects/Bullet.prefab
  artifactKey: Guid(2a8ca77fffc87d04ca53dbfff9716d10) Importer(815301076,1909f56bfc062723c751e8b465ee728b)
Start importing Assets/Objects/Bullet.prefab using Guid(2a8ca77fffc87d04ca53dbfff9716d10) Importer(815301076,1909f56bfc062723c751e8b465ee728b)  -> (artifact id: 'f20092ecf547e564877ea8dfef5c6e4f') in 0.057015 seconds
  Import took 0.059562 seconds .

========================================================================
Received Import Request.
  Time since last request: 4.709721 seconds.
  path: Assets/Objects/Bullet.prefab
  artifactKey: Guid(2a8ca77fffc87d04ca53dbfff9716d10) Importer(815301076,1909f56bfc062723c751e8b465ee728b)
Start importing Assets/Objects/Bullet.prefab using Guid(2a8ca77fffc87d04ca53dbfff9716d10) Importer(815301076,1909f56bfc062723c751e8b465ee728b)  -> (artifact id: 'ad25a34f9a13f3610ef4d282cb8ba573') in 0.011264 seconds
  Import took 0.013417 seconds .

========================================================================
Received Prepare
Registering precompiled user dll's ...
Registered in 0.000576 seconds.
Begin MonoManager ReloadAssembly
Native extension for WindowsStandalone target not found
Native extension for WebGL target not found
Refreshing native plugins compatible for Editor in 0.24 ms, found 0 plugins.
Preloading 0 native plugins for Editor in 0.00 ms.
Invoked RoslynAnalysisRunner static constructor.
RoslynAnalysisRunner will not be running.
RoslynAnalysisRunner has terminated.
Mono: successfully reloaded assembly
- Completed reload, in  0.722 seconds
Platform modules already initialized, skipping
Refreshing native plugins compatible for Editor in 0.24 ms, found 0 plugins.
Preloading 0 native plugins for Editor in 0.00 ms.
Unloading 1102 Unused Serialized files (Serialized files now loaded: 0)
System memory in use before: 60.2 MB.
System memory in use after: 60.2 MB.

Unloading 5 unused Assets to reduce memory usage. Loaded Objects now: 1600.
Total: 1.597600 ms (FindLiveObjects: 0.133000 ms CreateObjectMapping: 0.035500 ms MarkObjects: 1.371500 ms  DeleteObjects: 0.056700 ms)

========================================================================
Received Import Request.
  Time since last request: 14.904602 seconds.
  path: Assets/Objects/Bullet.prefab
  artifactKey: Guid(2a8ca77fffc87d04ca53dbfff9716d10) Importer(815301076,1909f56bfc062723c751e8b465ee728b)
Start importing Assets/Objects/Bullet.prefab using Guid(2a8ca77fffc87d04ca53dbfff9716d10) Importer(815301076,1909f56bfc062723c751e8b465ee728b)  -> (artifact id: '3c6348e0338c9f73338393350b39a55e') in 0.058235 seconds
  Import took 0.060482 seconds .

========================================================================
Received Import Request.
  Time since last request: 3.718376 seconds.
  path: Assets/Objects/Bullet.prefab
  artifactKey: Guid(2a8ca77fffc87d04ca53dbfff9716d10) Importer(815301076,1909f56bfc062723c751e8b465ee728b)
Start importing Assets/Objects/Bullet.prefab using Guid(2a8ca77fffc87d04ca53dbfff9716d10) Importer(815301076,1909f56bfc062723c751e8b465ee728b)  -> (artifact id: 'a329fb0bf72a07770b36b574243fff07') in 0.011088 seconds
  Import took 0.013876 seconds .

========================================================================
Received Import Request.
  Time since last request: 4.844819 seconds.
  path: Assets/Objects/Bullet.prefab
  artifactKey: Guid(2a8ca77fffc87d04ca53dbfff9716d10) Importer(815301076,1909f56bfc062723c751e8b465ee728b)
Start importing Assets/Objects/Bullet.prefab using Guid(2a8ca77fffc87d04ca53dbfff9716d10) Importer(815301076,1909f56bfc062723c751e8b465ee728b)  -> (artifact id: 'b64750502405f224b2fbccf5c2ca3075') in 0.014532 seconds
  Import took 0.017247 seconds .

========================================================================
Received Import Request.
  Time since last request: 5.680168 seconds.
  path: Assets/Objects/Bullet.prefab
  artifactKey: Guid(2a8ca77fffc87d04ca53dbfff9716d10) Importer(815301076,1909f56bfc062723c751e8b465ee728b)
Start importing Assets/Objects/Bullet.prefab using Guid(2a8ca77fffc87d04ca53dbfff9716d10) Importer(815301076,1909f56bfc062723c751e8b465ee728b)  -> (artifact id: 'e3198c782ade3a99cf7ee33a7846f9e3') in 0.012241 seconds
  Import took 0.014691 seconds .

========================================================================
Received Prepare
Registering precompiled user dll's ...
Registered in 0.000492 seconds.
Begin MonoManager ReloadAssembly
Native extension for WindowsStandalone target not found
Native extension for WebGL target not found
Refreshing native plugins compatible for Editor in 0.25 ms, found 0 plugins.
Preloading 0 native plugins for Editor in 0.00 ms.
Invoked RoslynAnalysisRunner static constructor.
RoslynAnalysisRunner will not be running.
RoslynAnalysisRunner has terminated.
Mono: successfully reloaded assembly
- Completed reload, in  0.776 seconds
Platform modules already initialized, skipping
Refreshing native plugins compatible for Editor in 0.26 ms, found 0 plugins.
Preloading 0 native plugins for Editor in 0.00 ms.
Unloading 1102 Unused Serialized files (Serialized files now loaded: 0)
System memory in use before: 60.2 MB.
System memory in use after: 60.2 MB.

Unloading 5 unused Assets to reduce memory usage. Loaded Objects now: 1603.
Total: 1.910700 ms (FindLiveObjects: 0.215800 ms CreateObjectMapping: 0.051400 ms MarkObjects: 1.576600 ms  DeleteObjects: 0.065700 ms)

========================================================================
Received Import Request.
  Time since last request: 18.292479 seconds.
  path: Assets/Objects/Bullet.prefab
  artifactKey: Guid(2a8ca77fffc87d04ca53dbfff9716d10) Importer(815301076,1909f56bfc062723c751e8b465ee728b)
Start importing Assets/Objects/Bullet.prefab using Guid(2a8ca77fffc87d04ca53dbfff9716d10) Importer(815301076,1909f56bfc062723c751e8b465ee728b)  -> (artifact id: '86a2ec9f10d84a6250b5cf956be5e6f4') in 0.068605 seconds
  Import took 0.071089 seconds .

========================================================================
Received Import Request.
  Time since last request: 1.514323 seconds.
  path: Assets/Objects/Bullet.prefab
  artifactKey: Guid(2a8ca77fffc87d04ca53dbfff9716d10) Importer(815301076,1909f56bfc062723c751e8b465ee728b)
Start importing Assets/Objects/Bullet.prefab using Guid(2a8ca77fffc87d04ca53dbfff9716d10) Importer(815301076,1909f56bfc062723c751e8b465ee728b)  -> (artifact id: '86a2ec9f10d84a6250b5cf956be5e6f4') in 0.008704 seconds
  Import took 0.010882 seconds .

========================================================================
Received Prepare
Registering precompiled user dll's ...
Registered in 0.000507 seconds.
Begin MonoManager ReloadAssembly
Native extension for WindowsStandalone target not found
Native extension for WebGL target not found
Refreshing native plugins compatible for Editor in 0.24 ms, found 0 plugins.
Preloading 0 native plugins for Editor in 0.00 ms.
Invoked RoslynAnalysisRunner static constructor.
RoslynAnalysisRunner will not be running.
RoslynAnalysisRunner has terminated.
Mono: successfully reloaded assembly
- Completed reload, in  0.722 seconds
Platform modules already initialized, skipping
Refreshing native plugins compatible for Editor in 0.25 ms, found 0 plugins.
Preloading 0 native plugins for Editor in 0.00 ms.
Unloading 1102 Unused Serialized files (Serialized files now loaded: 0)
System memory in use before: 60.2 MB.
System memory in use after: 60.3 MB.

Unloading 5 unused Assets to reduce memory usage. Loaded Objects now: 1606.
Total: 1.707800 ms (FindLiveObjects: 0.135400 ms CreateObjectMapping: 0.035700 ms MarkObjects: 1.482300 ms  DeleteObjects: 0.053400 ms)

========================================================================
Received Import Request.
  Time since last request: 25.368513 seconds.
  path: Assets/Objects/Bullet.prefab
  artifactKey: Guid(2a8ca77fffc87d04ca53dbfff9716d10) Importer(815301076,1909f56bfc062723c751e8b465ee728b)
Start importing Assets/Objects/Bullet.prefab using Guid(2a8ca77fffc87d04ca53dbfff9716d10) Importer(815301076,1909f56bfc062723c751e8b465ee728b)  -> (artifact id: 'a6a66b7880527f59f2ef2b1f16803c9c') in 0.056543 seconds
  Import took 0.059242 seconds .

========================================================================
Received Import Request.
  Time since last request: 6.550069 seconds.
  path: Assets/Objects/Bullet.prefab
  artifactKey: Guid(2a8ca77fffc87d04ca53dbfff9716d10) Importer(815301076,1909f56bfc062723c751e8b465ee728b)
Start importing Assets/Objects/Bullet.prefab using Guid(2a8ca77fffc87d04ca53dbfff9716d10) Importer(815301076,1909f56bfc062723c751e8b465ee728b)  -> (artifact id: 'bd3746a502a4b6645fc214cbbea60eea') in 0.010684 seconds
  Import took 0.013461 seconds .

========================================================================
Received Import Request.
  Time since last request: 6.904440 seconds.
  path: Assets/Objects/Bullet.prefab
  artifactKey: Guid(2a8ca77fffc87d04ca53dbfff9716d10) Importer(815301076,1909f56bfc062723c751e8b465ee728b)
Start importing Assets/Objects/Bullet.prefab using Guid(2a8ca77fffc87d04ca53dbfff9716d10) Importer(815301076,1909f56bfc062723c751e8b465ee728b)  -> (artifact id: 'bb973b69d765df3ed4137c19d2c5da31') in 0.015067 seconds
  Import took 0.017380 seconds .

========================================================================
Received Import Request.
  Time since last request: 2.619120 seconds.
  path: Assets/Objects/Bullet.prefab
  artifactKey: Guid(2a8ca77fffc87d04ca53dbfff9716d10) Importer(815301076,1909f56bfc062723c751e8b465ee728b)
Start importing Assets/Objects/Bullet.prefab using Guid(2a8ca77fffc87d04ca53dbfff9716d10) Importer(815301076,1909f56bfc062723c751e8b465ee728b)  -> (artifact id: 'eca6f66869fbd0b5d69e20a05c1b117b') in 0.012471 seconds
  Import took 0.015104 seconds .

========================================================================
Received Import Request.
  Time since last request: 2.626021 seconds.
  path: Assets/Objects/Bullet.prefab
  artifactKey: Guid(2a8ca77fffc87d04ca53dbfff9716d10) Importer(815301076,1909f56bfc062723c751e8b465ee728b)
Start importing Assets/Objects/Bullet.prefab using Guid(2a8ca77fffc87d04ca53dbfff9716d10) Importer(815301076,1909f56bfc062723c751e8b465ee728b)  -> (artifact id: '6ab1534cb4d2e6514f1245d09dc7b08e') in 0.010493 seconds
  Import took 0.013038 seconds .

========================================================================
Received Import Request.
  Time since last request: 0.000604 seconds.
  path: Assets/Objects/Bullet.prefab
  artifactKey: Guid(2a8ca77fffc87d04ca53dbfff9716d10) Importer(815301076,1909f56bfc062723c751e8b465ee728b)
Start importing Assets/Objects/Bullet.prefab using Guid(2a8ca77fffc87d04ca53dbfff9716d10) Importer(815301076,1909f56bfc062723c751e8b465ee728b)  -> (artifact id: '6ab1534cb4d2e6514f1245d09dc7b08e') in 0.007239 seconds
  Import took 0.009212 seconds .

========================================================================
Received Import Request.
  Time since last request: 12.635922 seconds.
  path: Assets/Objects/Bullet.prefab
  artifactKey: Guid(2a8ca77fffc87d04ca53dbfff9716d10) Importer(815301076,1909f56bfc062723c751e8b465ee728b)
Start importing Assets/Objects/Bullet.prefab using Guid(2a8ca77fffc87d04ca53dbfff9716d10) Importer(815301076,1909f56bfc062723c751e8b465ee728b)  -> (artifact id: 'daa36eb7c02289703b46e8c1cbf7273a') in 0.011145 seconds
  Import took 0.013726 seconds .

========================================================================
Received Import Request.
  Time since last request: 9.688949 seconds.
  path: Assets/Objects/Bullet.prefab
  artifactKey: Guid(2a8ca77fffc87d04ca53dbfff9716d10) Importer(815301076,1909f56bfc062723c751e8b465ee728b)
Start importing Assets/Objects/Bullet.prefab using Guid(2a8ca77fffc87d04ca53dbfff9716d10) Importer(815301076,1909f56bfc062723c751e8b465ee728b)  -> (artifact id: 'a1173b268c3e1b2b65e532051e8e7140') in 0.014296 seconds
  Import took 0.017047 seconds .

========================================================================
Received Import Request.
  Time since last request: 4.644793 seconds.
  path: Assets/Objects/Bullet.prefab
  artifactKey: Guid(2a8ca77fffc87d04ca53dbfff9716d10) Importer(815301076,1909f56bfc062723c751e8b465ee728b)
Start importing Assets/Objects/Bullet.prefab using Guid(2a8ca77fffc87d04ca53dbfff9716d10) Importer(815301076,1909f56bfc062723c751e8b465ee728b)  -> (artifact id: 'ab4d4b72d472c0a1a7af8cb0aa7193c0') in 0.015156 seconds
  Import took 0.017715 seconds .

========================================================================
Received Import Request.
  Time since last request: 8.477607 seconds.
  path: Assets/Objects/Bullet.prefab
  artifactKey: Guid(2a8ca77fffc87d04ca53dbfff9716d10) Importer(815301076,1909f56bfc062723c751e8b465ee728b)
Start importing Assets/Objects/Bullet.prefab using Guid(2a8ca77fffc87d04ca53dbfff9716d10) Importer(815301076,1909f56bfc062723c751e8b465ee728b)  -> (artifact id: 'f3adb0b477add64fa6f46adfd7c36f1b') in 0.014949 seconds
  Import took 0.017531 seconds .

========================================================================
Received Import Request.
  Time since last request: 3.033073 seconds.
  path: Assets/Objects/Bullet.prefab
  artifactKey: Guid(2a8ca77fffc87d04ca53dbfff9716d10) Importer(815301076,1909f56bfc062723c751e8b465ee728b)
Start importing Assets/Objects/Bullet.prefab using Guid(2a8ca77fffc87d04ca53dbfff9716d10) Importer(815301076,1909f56bfc062723c751e8b465ee728b)  -> (artifact id: '494bb8d3abba6f744dca0bc52ec63106') in 0.012187 seconds
  Import took 0.014874 seconds .

========================================================================
Received Import Request.
  Time since last request: 2.409476 seconds.
  path: Assets/Objects/Bullet.prefab
  artifactKey: Guid(2a8ca77fffc87d04ca53dbfff9716d10) Importer(815301076,1909f56bfc062723c751e8b465ee728b)
Start importing Assets/Objects/Bullet.prefab using Guid(2a8ca77fffc87d04ca53dbfff9716d10) Importer(815301076,1909f56bfc062723c751e8b465ee728b)  -> (artifact id: 'd0ccc28608f90c0a514768bd1c126c88') in 0.010216 seconds
  Import took 0.012353 seconds .

========================================================================
Received Import Request.
  Time since last request: 2.001059 seconds.
  path: Assets/Objects/Bullet.prefab
  artifactKey: Guid(2a8ca77fffc87d04ca53dbfff9716d10) Importer(815301076,1909f56bfc062723c751e8b465ee728b)
Start importing Assets/Objects/Bullet.prefab using Guid(2a8ca77fffc87d04ca53dbfff9716d10) Importer(815301076,1909f56bfc062723c751e8b465ee728b)  -> (artifact id: 'e921fcd62100c27f45faa3b656bdaa69') in 0.009415 seconds
  Import took 0.012088 seconds .

========================================================================
Received Import Request.
  Time since last request: 1.595833 seconds.
  path: Assets/Objects/Bullet.prefab
  artifactKey: Guid(2a8ca77fffc87d04ca53dbfff9716d10) Importer(815301076,1909f56bfc062723c751e8b465ee728b)
Start importing Assets/Objects/Bullet.prefab using Guid(2a8ca77fffc87d04ca53dbfff9716d10) Importer(815301076,1909f56bfc062723c751e8b465ee728b)  -> (artifact id: '92b5602230cb509a54920f39b49c3ab2') in 0.009533 seconds
  Import took 0.011833 seconds .

========================================================================
Received Import Request.
  Time since last request: 3.641905 seconds.
  path: Assets/Objects/Bullet.prefab
  artifactKey: Guid(2a8ca77fffc87d04ca53dbfff9716d10) Importer(815301076,1909f56bfc062723c751e8b465ee728b)
Start importing Assets/Objects/Bullet.prefab using Guid(2a8ca77fffc87d04ca53dbfff9716d10) Importer(815301076,1909f56bfc062723c751e8b465ee728b)  -> (artifact id: '2a291d558ef7d21a10fbb27c67c8b78f') in 0.010174 seconds
  Import took 0.012574 seconds .

========================================================================
Received Import Request.
  Time since last request: 3.253601 seconds.
  path: Assets/Objects/Bullet.prefab
  artifactKey: Guid(2a8ca77fffc87d04ca53dbfff9716d10) Importer(815301076,1909f56bfc062723c751e8b465ee728b)
Start importing Assets/Objects/Bullet.prefab using Guid(2a8ca77fffc87d04ca53dbfff9716d10) Importer(815301076,1909f56bfc062723c751e8b465ee728b)  -> (artifact id: 'd1f03f7ad6cfe64d41400e088238945a') in 0.012892 seconds
  Import took 0.015687 seconds .

========================================================================
Received Import Request.
  Time since last request: 0.000392 seconds.
  path: Assets/Objects/Bullet.prefab
  artifactKey: Guid(2a8ca77fffc87d04ca53dbfff9716d10) Importer(815301076,1909f56bfc062723c751e8b465ee728b)
Start importing Assets/Objects/Bullet.prefab using Guid(2a8ca77fffc87d04ca53dbfff9716d10) Importer(815301076,1909f56bfc062723c751e8b465ee728b)  -> (artifact id: 'd1f03f7ad6cfe64d41400e088238945a') in 0.008897 seconds
  Import took 0.011721 seconds .

========================================================================
Received Import Request.
  Time since last request: 2.248136 seconds.
  path: Assets/Objects/Bullet.prefab
  artifactKey: Guid(2a8ca77fffc87d04ca53dbfff9716d10) Importer(815301076,1909f56bfc062723c751e8b465ee728b)
Start importing Assets/Objects/Bullet.prefab using Guid(2a8ca77fffc87d04ca53dbfff9716d10) Importer(815301076,1909f56bfc062723c751e8b465ee728b)  -> (artifact id: 'ae6ef3f0cad659d9cbcd9e54a7a37acf') in 0.011241 seconds
  Import took 0.013937 seconds .

========================================================================
Received Import Request.
  Time since last request: 6.717792 seconds.
  path: Assets/Objects/Bullet.prefab
  artifactKey: Guid(2a8ca77fffc87d04ca53dbfff9716d10) Importer(815301076,1909f56bfc062723c751e8b465ee728b)
Start importing Assets/Objects/Bullet.prefab using Guid(2a8ca77fffc87d04ca53dbfff9716d10) Importer(815301076,1909f56bfc062723c751e8b465ee728b)  -> (artifact id: 'f7f3300ae2649dfc79129d56fbb4790b') in 0.011468 seconds
  Import took 0.014275 seconds .

========================================================================
Received Prepare
Registering precompiled user dll's ...
Registered in 0.000485 seconds.
Begin MonoManager ReloadAssembly
Native extension for WindowsStandalone target not found
Native extension for WebGL target not found
Refreshing native plugins compatible for Editor in 0.33 ms, found 0 plugins.
Preloading 0 native plugins for Editor in 0.00 ms.
Invoked RoslynAnalysisRunner static constructor.
RoslynAnalysisRunner will not be running.
RoslynAnalysisRunner has terminated.
Mono: successfully reloaded assembly
- Completed reload, in  0.755 seconds
Platform modules already initialized, skipping
Refreshing native plugins compatible for Editor in 0.25 ms, found 0 plugins.
Preloading 0 native plugins for Editor in 0.00 ms.
Unloading 1102 Unused Serialized files (Serialized files now loaded: 0)
System memory in use before: 60.2 MB.
System memory in use after: 60.3 MB.

Unloading 5 unused Assets to reduce memory usage. Loaded Objects now: 1609.
Total: 2.706700 ms (FindLiveObjects: 0.228000 ms CreateObjectMapping: 0.061700 ms MarkObjects: 2.336300 ms  DeleteObjects: 0.078900 ms)

========================================================================
Received Import Request.
  Time since last request: 22.152200 seconds.
  path: Assets/Objects/Bullet.prefab
  artifactKey: Guid(2a8ca77fffc87d04ca53dbfff9716d10) Importer(815301076,1909f56bfc062723c751e8b465ee728b)
Start importing Assets/Objects/Bullet.prefab using Guid(2a8ca77fffc87d04ca53dbfff9716d10) Importer(815301076,1909f56bfc062723c751e8b465ee728b)  -> (artifact id: 'd2d1d77b5e651d68e6ea179b6ef036b8') in 0.067709 seconds
  Import took 0.070102 seconds .

========================================================================
Received Prepare
Registering precompiled user dll's ...
Registered in 0.000540 seconds.
Begin MonoManager ReloadAssembly
Native extension for WindowsStandalone target not found
Native extension for WebGL target not found
Refreshing native plugins compatible for Editor in 0.26 ms, found 0 plugins.
Preloading 0 native plugins for Editor in 0.00 ms.
Invoked RoslynAnalysisRunner static constructor.
RoslynAnalysisRunner will not be running.
RoslynAnalysisRunner has terminated.
Mono: successfully reloaded assembly
- Completed reload, in  0.849 seconds
Platform modules already initialized, skipping
Refreshing native plugins compatible for Editor in 0.23 ms, found 0 plugins.
Preloading 0 native plugins for Editor in 0.00 ms.
Unloading 1102 Unused Serialized files (Serialized files now loaded: 0)
System memory in use before: 60.2 MB.
System memory in use after: 60.3 MB.

Unloading 5 unused Assets to reduce memory usage. Loaded Objects now: 1612.
Total: 1.747800 ms (FindLiveObjects: 0.220900 ms CreateObjectMapping: 0.055300 ms MarkObjects: 1.414800 ms  DeleteObjects: 0.055500 ms)

========================================================================
Received Import Request.
  Time since last request: 20.698264 seconds.
  path: Assets/Objects/Bullet.prefab
  artifactKey: Guid(2a8ca77fffc87d04ca53dbfff9716d10) Importer(815301076,1909f56bfc062723c751e8b465ee728b)
Start importing Assets/Objects/Bullet.prefab using Guid(2a8ca77fffc87d04ca53dbfff9716d10) Importer(815301076,1909f56bfc062723c751e8b465ee728b)  -> (artifact id: 'bb46df58e35cb93e022bcc2ba06e513e') in 0.064504 seconds
  Import took 0.066791 seconds .

========================================================================
Received Import Request.
  Time since last request: 0.305000 seconds.
  path: Assets/Objects/Bullet.prefab
  artifactKey: Guid(2a8ca77fffc87d04ca53dbfff9716d10) Importer(815301076,1909f56bfc062723c751e8b465ee728b)
Start importing Assets/Objects/Bullet.prefab using Guid(2a8ca77fffc87d04ca53dbfff9716d10) Importer(815301076,1909f56bfc062723c751e8b465ee728b)  -> (artifact id: '102a915f6bac404adc977d62f31355a1') in 0.009205 seconds
  Import took 0.011521 seconds .

========================================================================
Received Import Request.
  Time since last request: 2.250816 seconds.
  path: Assets/Objects/Bullet.prefab
  artifactKey: Guid(2a8ca77fffc87d04ca53dbfff9716d10) Importer(815301076,1909f56bfc062723c751e8b465ee728b)
Start importing Assets/Objects/Bullet.prefab using Guid(2a8ca77fffc87d04ca53dbfff9716d10) Importer(815301076,1909f56bfc062723c751e8b465ee728b)  -> (artifact id: 'c1b0a8bdfdae132e1b2818362fbdecee') in 0.010305 seconds
  Import took 0.012452 seconds .

========================================================================
Received Prepare
Registering precompiled user dll's ...
Registered in 0.000828 seconds.
Begin MonoManager ReloadAssembly
Native extension for WindowsStandalone target not found
Native extension for WebGL target not found
Refreshing native plugins compatible for Editor in 0.25 ms, found 0 plugins.
Preloading 0 native plugins for Editor in 0.00 ms.
Invoked RoslynAnalysisRunner static constructor.
RoslynAnalysisRunner will not be running.
RoslynAnalysisRunner has terminated.
Mono: successfully reloaded assembly
- Completed reload, in  0.746 seconds
Platform modules already initialized, skipping
Refreshing native plugins compatible for Editor in 0.25 ms, found 0 plugins.
Preloading 0 native plugins for Editor in 0.00 ms.
Unloading 1102 Unused Serialized files (Serialized files now loaded: 0)
System memory in use before: 60.2 MB.
System memory in use after: 60.3 MB.

Unloading 5 unused Assets to reduce memory usage. Loaded Objects now: 1615.
Total: 1.717200 ms (FindLiveObjects: 0.135900 ms CreateObjectMapping: 0.035500 ms MarkObjects: 1.482300 ms  DeleteObjects: 0.062400 ms)

========================================================================
Received Import Request.
  Time since last request: 16.703081 seconds.
  path: Assets/Objects/Bullet.prefab
  artifactKey: Guid(2a8ca77fffc87d04ca53dbfff9716d10) Importer(815301076,1909f56bfc062723c751e8b465ee728b)
Start importing Assets/Objects/Bullet.prefab using Guid(2a8ca77fffc87d04ca53dbfff9716d10) Importer(815301076,1909f56bfc062723c751e8b465ee728b)  -> (artifact id: '43b882d500b70b6362faf9f7eb677a13') in 0.062721 seconds
  Import took 0.064922 seconds .

========================================================================
Received Import Request.
  Time since last request: 12.452083 seconds.
  path: Assets/Objects/Bullet.prefab
  artifactKey: Guid(2a8ca77fffc87d04ca53dbfff9716d10) Importer(815301076,1909f56bfc062723c751e8b465ee728b)
Start importing Assets/Objects/Bullet.prefab using Guid(2a8ca77fffc87d04ca53dbfff9716d10) Importer(815301076,1909f56bfc062723c751e8b465ee728b)  -> (artifact id: 'b4b614dd0b9e2a55fec2161e0d5b7aab') in 0.012564 seconds
  Import took 0.015299 seconds .

========================================================================
Received Import Request.
  Time since last request: 4.046263 seconds.
  path: Assets/Objects/Bullet.prefab
  artifactKey: Guid(2a8ca77fffc87d04ca53dbfff9716d10) Importer(815301076,1909f56bfc062723c751e8b465ee728b)
Start importing Assets/Objects/Bullet.prefab using Guid(2a8ca77fffc87d04ca53dbfff9716d10) Importer(815301076,1909f56bfc062723c751e8b465ee728b)  -> (artifact id: '057322eeb4030a869f9c93c51bb65fab') in 0.011377 seconds
  Import took 0.013523 seconds .

========================================================================
Received Import Request.
  Time since last request: 4.421113 seconds.
  path: Assets/Objects/Bullet.prefab
  artifactKey: Guid(2a8ca77fffc87d04ca53dbfff9716d10) Importer(815301076,1909f56bfc062723c751e8b465ee728b)
Start importing Assets/Objects/Bullet.prefab using Guid(2a8ca77fffc87d04ca53dbfff9716d10) Importer(815301076,1909f56bfc062723c751e8b465ee728b)  -> (artifact id: '2335f7b00eb9382acb44cb88107c43f2') in 0.011231 seconds
  Import took 0.014157 seconds .

========================================================================
Received Import Request.
  Time since last request: 3.418688 seconds.
  path: Assets/Objects/Bullet.prefab
  artifactKey: Guid(2a8ca77fffc87d04ca53dbfff9716d10) Importer(815301076,1909f56bfc062723c751e8b465ee728b)
Start importing Assets/Objects/Bullet.prefab using Guid(2a8ca77fffc87d04ca53dbfff9716d10) Importer(815301076,1909f56bfc062723c751e8b465ee728b)  -> (artifact id: '613ddeae0d2e1217109af7934e3886cd') in 0.011237 seconds
  Import took 0.014490 seconds .

========================================================================
Received Prepare
Registering precompiled user dll's ...
Registered in 0.000691 seconds.
Begin MonoManager ReloadAssembly
Native extension for WindowsStandalone target not found
Native extension for WebGL target not found
Refreshing native plugins compatible for Editor in 0.24 ms, found 0 plugins.
Preloading 0 native plugins for Editor in 0.00 ms.
Invoked RoslynAnalysisRunner static constructor.
RoslynAnalysisRunner will not be running.
RoslynAnalysisRunner has terminated.
Mono: successfully reloaded assembly
- Completed reload, in  0.820 seconds
Platform modules already initialized, skipping
Refreshing native plugins compatible for Editor in 0.25 ms, found 0 plugins.
Preloading 0 native plugins for Editor in 0.00 ms.
Unloading 1102 Unused Serialized files (Serialized files now loaded: 0)
System memory in use before: 60.2 MB.
System memory in use after: 60.3 MB.

Unloading 5 unused Assets to reduce memory usage. Loaded Objects now: 1618.
Total: 1.667500 ms (FindLiveObjects: 0.143900 ms CreateObjectMapping: 0.035500 ms MarkObjects: 1.433800 ms  DeleteObjects: 0.053300 ms)

========================================================================
Received Import Request.
  Time since last request: 16.785760 seconds.
  path: Assets/Objects/Bullet.prefab
  artifactKey: Guid(2a8ca77fffc87d04ca53dbfff9716d10) Importer(815301076,1909f56bfc062723c751e8b465ee728b)
Start importing Assets/Objects/Bullet.prefab using Guid(2a8ca77fffc87d04ca53dbfff9716d10) Importer(815301076,1909f56bfc062723c751e8b465ee728b)  -> (artifact id: 'fcd56317d691b8be6e02cfd8e2c23c77') in 0.060029 seconds
  Import took 0.062573 seconds .

========================================================================
Received Import Request.
  Time since last request: 0.952744 seconds.
  path: Assets/Objects/Bullet.prefab
  artifactKey: Guid(2a8ca77fffc87d04ca53dbfff9716d10) Importer(815301076,1909f56bfc062723c751e8b465ee728b)
Start importing Assets/Objects/Bullet.prefab using Guid(2a8ca77fffc87d04ca53dbfff9716d10) Importer(815301076,1909f56bfc062723c751e8b465ee728b)  -> (artifact id: '9f763f3df2abf4cfac0f2ed2b38e3731') in 0.010399 seconds
  Import took 0.013021 seconds .

========================================================================
Received Import Request.
  Time since last request: 1.832883 seconds.
  path: Assets/Objects/Bullet.prefab
  artifactKey: Guid(2a8ca77fffc87d04ca53dbfff9716d10) Importer(815301076,1909f56bfc062723c751e8b465ee728b)
Start importing Assets/Objects/Bullet.prefab using Guid(2a8ca77fffc87d04ca53dbfff9716d10) Importer(815301076,1909f56bfc062723c751e8b465ee728b)  -> (artifact id: '7a94cceb51ad5e7767edc7d27f442984') in 0.010664 seconds
  Import took 0.012905 seconds .

========================================================================
Received Import Request.
  Time since last request: 4.659980 seconds.
  path: Assets/Objects/Bullet.prefab
  artifactKey: Guid(2a8ca77fffc87d04ca53dbfff9716d10) Importer(815301076,1909f56bfc062723c751e8b465ee728b)
Start importing Assets/Objects/Bullet.prefab using Guid(2a8ca77fffc87d04ca53dbfff9716d10) Importer(815301076,1909f56bfc062723c751e8b465ee728b)  -> (artifact id: 'e024adb862713eb136fcf3d92fbab857') in 0.012256 seconds
  Import took 0.014696 seconds .

========================================================================
Received Import Request.
  Time since last request: 2.406403 seconds.
  path: Assets/Objects/Bullet.prefab
  artifactKey: Guid(2a8ca77fffc87d04ca53dbfff9716d10) Importer(815301076,1909f56bfc062723c751e8b465ee728b)
Start importing Assets/Objects/Bullet.prefab using Guid(2a8ca77fffc87d04ca53dbfff9716d10) Importer(815301076,1909f56bfc062723c751e8b465ee728b)  -> (artifact id: '872fe9b9d8c5c66f7c4473afb9588125') in 0.013671 seconds
  Import took 0.015929 seconds .

========================================================================
Received Prepare
Registering precompiled user dll's ...
Registered in 0.000472 seconds.
Begin MonoManager ReloadAssembly
Native extension for WindowsStandalone target not found
Native extension for WebGL target not found
Refreshing native plugins compatible for Editor in 0.25 ms, found 0 plugins.
Preloading 0 native plugins for Editor in 0.00 ms.
Invoked RoslynAnalysisRunner static constructor.
RoslynAnalysisRunner will not be running.
RoslynAnalysisRunner has terminated.
Mono: successfully reloaded assembly
- Completed reload, in  0.771 seconds
Platform modules already initialized, skipping
Refreshing native plugins compatible for Editor in 0.24 ms, found 0 plugins.
Preloading 0 native plugins for Editor in 0.00 ms.
Unloading 1102 Unused Serialized files (Serialized files now loaded: 0)
System memory in use before: 60.3 MB.
System memory in use after: 60.3 MB.

Unloading 5 unused Assets to reduce memory usage. Loaded Objects now: 1621.
Total: 1.658200 ms (FindLiveObjects: 0.156300 ms CreateObjectMapping: 0.034300 ms MarkObjects: 1.409300 ms  DeleteObjects: 0.056800 ms)

========================================================================
Received Prepare
Registering precompiled user dll's ...
Registered in 0.000517 seconds.
Begin MonoManager ReloadAssembly
Native extension for WindowsStandalone target not found
Native extension for WebGL target not found
Refreshing native plugins compatible for Editor in 0.36 ms, found 0 plugins.
Preloading 0 native plugins for Editor in 0.00 ms.
Invoked RoslynAnalysisRunner static constructor.
RoslynAnalysisRunner will not be running.
RoslynAnalysisRunner has terminated.
Mono: successfully reloaded assembly
- Completed reload, in  0.716 seconds
Platform modules already initialized, skipping
Refreshing native plugins compatible for Editor in 0.25 ms, found 0 plugins.
Preloading 0 native plugins for Editor in 0.00 ms.
Unloading 1102 Unused Serialized files (Serialized files now loaded: 0)
System memory in use before: 60.3 MB.
System memory in use after: 60.3 MB.

Unloading 5 unused Assets to reduce memory usage. Loaded Objects now: 1623.
Total: 1.948800 ms (FindLiveObjects: 0.201400 ms CreateObjectMapping: 0.040900 ms MarkObjects: 1.650200 ms  DeleteObjects: 0.055000 ms)

AssetImportWorkerClient::OnTransportError - code=2 error=End of file
