Using pre-set license
Built from '2020.2/release' branch; Version is '2020.2.4f1 (becced5a802b) revision 12504301'; Using compiler version '192528614'; Build Type 'Release'
OS: 'Windows 10 Home; OS build 19041.867; Version 2004; 64bit' Language: 'en' Physical Memory: 16277 MB
BatchMode: 1, IsHumanControllingUs: 0, StartBugReporterOnCrash: 0, Is64bit: 1, IsPro: 0

 COMMAND LINE ARGUMENTS:
D:\Program Files (x86)\Unity\2020.2.4f1\Editor\Unity.exe
-adb2
-batchMode
-noUpm
-name
AssetImportWorker0
-projectPath
D:/WorkShop/Vr-game_demo-2021/VR_FPS_DEMO
-logFile
Logs/AssetImportWorker0.log
-srvPort
55486
Successfully changed project path to: D:/WorkShop/Vr-game_demo-2021/VR_FPS_DEMO
D:/WorkShop/Vr-game_demo-2021/VR_FPS_DEMO
Using Asset Import Pipeline V2.
Refreshing native plugins compatible for Editor in 20.25 ms, found 0 plugins.
Preloading 0 native plugins for Editor in 0.00 ms.
Initialize engine version: 2020.2.4f1 (becced5a802b)
[Subsystems] Discovering subsystems at path D:/Program Files (x86)/Unity/2020.2.4f1/Editor/Data/Resources/UnitySubsystems
[Subsystems] Discovering subsystems at path D:/WorkShop/Vr-game_demo-2021/VR_FPS_DEMO/Assets
GfxDevice: creating device client; threaded=0
Direct3D:
    Version:  Direct3D 11.0 [level 11.1]
    Renderer: NVIDIA GeForce GTX 1070 (ID=0x1b81)
    Vendor:   
    VRAM:     8088 MB
    Driver:   27.21.14.6140
Initialize mono
Mono path[0] = 'D:/Program Files (x86)/Unity/2020.2.4f1/Editor/Data/Managed'
Mono path[1] = 'D:/Program Files (x86)/Unity/2020.2.4f1/Editor/Data/MonoBleedingEdge/lib/mono/unityjit'
Mono config path = 'D:/Program Files (x86)/Unity/2020.2.4f1/Editor/Data/MonoBleedingEdge/etc'
Using monoOptions --debugger-agent=transport=dt_socket,embedding=1,server=y,suspend=n,address=127.0.0.1:56436
Begin MonoManager ReloadAssembly
Registering precompiled unity dll's ...
Register platform support module: D:/Program Files (x86)/Unity/2020.2.4f1/Editor/Data/PlaybackEngines/WebGLSupport/UnityEditor.WebGL.Extensions.dll
Register platform support module: D:/Program Files (x86)/Unity/2020.2.4f1/Editor/Data/PlaybackEngines/WindowsStandaloneSupport/UnityEditor.WindowsStandalone.Extensions.dll
Registered in 0.001192 seconds.
Native extension for WindowsStandalone target not found
Native extension for WebGL target not found
Refreshing native plugins compatible for Editor in 23.83 ms, found 0 plugins.
Preloading 0 native plugins for Editor in 0.00 ms.
Invoked RoslynAnalysisRunner static constructor.
RoslynAnalysisRunner will not be running.
RoslynAnalysisRunner has terminated.
Mono: successfully reloaded assembly
- Completed reload, in  1.027 seconds
Platform modules already initialized, skipping
Registering precompiled user dll's ...
Registered in 0.000633 seconds.
Begin MonoManager ReloadAssembly
Native extension for WindowsStandalone target not found
Native extension for WebGL target not found
Refreshing native plugins compatible for Editor in 0.24 ms, found 0 plugins.
Preloading 0 native plugins for Editor in 0.00 ms.
Invoked RoslynAnalysisRunner static constructor.
RoslynAnalysisRunner will not be running.
RoslynAnalysisRunner has terminated.
Mono: successfully reloaded assembly
- Completed reload, in  0.842 seconds
Platform modules already initialized, skipping
========================================================================
Worker process is ready to serve import requests
Launched and connected shader compiler UnityShaderCompiler.exe after 0.05 seconds
Refreshing native plugins compatible for Editor in 0.25 ms, found 0 plugins.
Preloading 0 native plugins for Editor in 0.00 ms.
Unloading 1107 Unused Serialized files (Serialized files now loaded: 0)
System memory in use before: 56.9 MB.
System memory in use after: 56.9 MB.

Unloading 10 unused Assets to reduce memory usage. Loaded Objects now: 1548.
Total: 1.909700 ms (FindLiveObjects: 0.180800 ms CreateObjectMapping: 0.035500 ms MarkObjects: 1.607000 ms  DeleteObjects: 0.085300 ms)

========================================================================
Received Import Request.
  path: Assets/Scripts/BulletController.cs
  artifactKey: Guid(3f5a6c56ed8312e4895155b265b166c0) Importer(815301076,1909f56bfc062723c751e8b465ee728b)
Start importing Assets/Scripts/BulletController.cs using Guid(3f5a6c56ed8312e4895155b265b166c0) Importer(815301076,1909f56bfc062723c751e8b465ee728b)  -> (artifact id: '6beaaf439d71ea8cebc0037f59192356') in 0.028754 seconds
  Import took 0.031303 seconds .

========================================================================
Received Import Request.
  Time since last request: 24.203005 seconds.
  path: Assets/Scripts/BulletController.cs
  artifactKey: Guid(3f5a6c56ed8312e4895155b265b166c0) Importer(815301076,1909f56bfc062723c751e8b465ee728b)
Start importing Assets/Scripts/BulletController.cs using Guid(3f5a6c56ed8312e4895155b265b166c0) Importer(815301076,1909f56bfc062723c751e8b465ee728b)  -> (artifact id: '8673332873948bfd472313ced63203f3') in 0.001954 seconds
  Import took 0.004696 seconds .

========================================================================
Received Prepare
Registering precompiled user dll's ...
Registered in 0.000435 seconds.
Begin MonoManager ReloadAssembly
Native extension for WindowsStandalone target not found
Native extension for WebGL target not found
Refreshing native plugins compatible for Editor in 0.23 ms, found 0 plugins.
Preloading 0 native plugins for Editor in 0.00 ms.
Invoked RoslynAnalysisRunner static constructor.
RoslynAnalysisRunner will not be running.
RoslynAnalysisRunner has terminated.
Mono: successfully reloaded assembly
- Completed reload, in  0.770 seconds
Platform modules already initialized, skipping
Refreshing native plugins compatible for Editor in 0.24 ms, found 0 plugins.
Preloading 0 native plugins for Editor in 0.00 ms.
Unloading 1102 Unused Serialized files (Serialized files now loaded: 0)
System memory in use before: 56.8 MB.
System memory in use after: 56.9 MB.

Unloading 5 unused Assets to reduce memory usage. Loaded Objects now: 1550.
Total: 1.559300 ms (FindLiveObjects: 0.135800 ms CreateObjectMapping: 0.035000 ms MarkObjects: 1.329800 ms  DeleteObjects: 0.057600 ms)

========================================================================
Received Prepare
Registering precompiled user dll's ...
Registered in 0.000430 seconds.
Begin MonoManager ReloadAssembly
Native extension for WindowsStandalone target not found
Native extension for WebGL target not found
Refreshing native plugins compatible for Editor in 0.24 ms, found 0 plugins.
Preloading 0 native plugins for Editor in 0.00 ms.
Invoked RoslynAnalysisRunner static constructor.
RoslynAnalysisRunner will not be running.
RoslynAnalysisRunner has terminated.
Mono: successfully reloaded assembly
- Completed reload, in  0.770 seconds
Platform modules already initialized, skipping
Refreshing native plugins compatible for Editor in 0.24 ms, found 0 plugins.
Preloading 0 native plugins for Editor in 0.00 ms.
Unloading 1102 Unused Serialized files (Serialized files now loaded: 0)
System memory in use before: 56.8 MB.
System memory in use after: 56.9 MB.

Unloading 5 unused Assets to reduce memory usage. Loaded Objects now: 1552.
Total: 1.600500 ms (FindLiveObjects: 0.134800 ms CreateObjectMapping: 0.035700 ms MarkObjects: 1.367500 ms  DeleteObjects: 0.061100 ms)

========================================================================
Received Import Request.
  Time since last request: 346.669777 seconds.
  path: Assets/Scripts/BulletController.cs
  artifactKey: Guid(3f5a6c56ed8312e4895155b265b166c0) Importer(815301076,1909f56bfc062723c751e8b465ee728b)
Start importing Assets/Scripts/BulletController.cs using Guid(3f5a6c56ed8312e4895155b265b166c0) Importer(815301076,1909f56bfc062723c751e8b465ee728b)  -> (artifact id: 'ecd5491685f3d0ba513cc0d8974c225c') in 0.003504 seconds
  Import took 0.005397 seconds .

========================================================================
Received Prepare
Registering precompiled user dll's ...
Registered in 0.000455 seconds.
Begin MonoManager ReloadAssembly
Native extension for WindowsStandalone target not found
Native extension for WebGL target not found
Refreshing native plugins compatible for Editor in 0.34 ms, found 0 plugins.
Preloading 0 native plugins for Editor in 0.00 ms.
Invoked RoslynAnalysisRunner static constructor.
RoslynAnalysisRunner will not be running.
RoslynAnalysisRunner has terminated.
Mono: successfully reloaded assembly
- Completed reload, in  0.794 seconds
Platform modules already initialized, skipping
Refreshing native plugins compatible for Editor in 0.24 ms, found 0 plugins.
Preloading 0 native plugins for Editor in 0.00 ms.
Unloading 1102 Unused Serialized files (Serialized files now loaded: 0)
System memory in use before: 56.8 MB.
System memory in use after: 56.9 MB.

Unloading 5 unused Assets to reduce memory usage. Loaded Objects now: 1554.
Total: 1.666400 ms (FindLiveObjects: 0.209300 ms CreateObjectMapping: 0.054200 ms MarkObjects: 1.348300 ms  DeleteObjects: 0.052700 ms)

========================================================================
Received Import Request.
  Time since last request: 52.418588 seconds.
  path: Assets/Scripts/BulletController.cs
  artifactKey: Guid(3f5a6c56ed8312e4895155b265b166c0) Importer(815301076,1909f56bfc062723c751e8b465ee728b)
Start importing Assets/Scripts/BulletController.cs using Guid(3f5a6c56ed8312e4895155b265b166c0) Importer(815301076,1909f56bfc062723c751e8b465ee728b)  -> (artifact id: '605bef6e45f6f46b8af8739eba918a78') in 0.005791 seconds
  Import took 0.007802 seconds .

========================================================================
Received Prepare
Registering precompiled user dll's ...
Registered in 0.000439 seconds.
Begin MonoManager ReloadAssembly
Native extension for WindowsStandalone target not found
Native extension for WebGL target not found
Refreshing native plugins compatible for Editor in 0.23 ms, found 0 plugins.
Preloading 0 native plugins for Editor in 0.00 ms.
Invoked RoslynAnalysisRunner static constructor.
RoslynAnalysisRunner will not be running.
RoslynAnalysisRunner has terminated.
Mono: successfully reloaded assembly
- Completed reload, in  0.776 seconds
Platform modules already initialized, skipping
Refreshing native plugins compatible for Editor in 0.23 ms, found 0 plugins.
Preloading 0 native plugins for Editor in 0.00 ms.
Unloading 1102 Unused Serialized files (Serialized files now loaded: 0)
System memory in use before: 56.9 MB.
System memory in use after: 56.9 MB.

Unloading 5 unused Assets to reduce memory usage. Loaded Objects now: 1556.
Total: 1.566500 ms (FindLiveObjects: 0.122100 ms CreateObjectMapping: 0.034300 ms MarkObjects: 1.355700 ms  DeleteObjects: 0.053400 ms)

========================================================================
Received Import Request.
  Time since last request: 114.129836 seconds.
  path: Assets/Scripts/BulletController.cs
  artifactKey: Guid(3f5a6c56ed8312e4895155b265b166c0) Importer(815301076,1909f56bfc062723c751e8b465ee728b)
Start importing Assets/Scripts/BulletController.cs using Guid(3f5a6c56ed8312e4895155b265b166c0) Importer(815301076,1909f56bfc062723c751e8b465ee728b)  -> (artifact id: 'e3119eb976294b2883e2a3c2b7ee34d5') in 0.003380 seconds
  Import took 0.005092 seconds .

========================================================================
Received Prepare
Registering precompiled user dll's ...
Registered in 0.000491 seconds.
Begin MonoManager ReloadAssembly
Native extension for WindowsStandalone target not found
Native extension for WebGL target not found
Refreshing native plugins compatible for Editor in 0.24 ms, found 0 plugins.
Preloading 0 native plugins for Editor in 0.00 ms.
Invoked RoslynAnalysisRunner static constructor.
RoslynAnalysisRunner will not be running.
RoslynAnalysisRunner has terminated.
Mono: successfully reloaded assembly
- Completed reload, in  0.729 seconds
Platform modules already initialized, skipping
Refreshing native plugins compatible for Editor in 0.23 ms, found 0 plugins.
Preloading 0 native plugins for Editor in 0.00 ms.
Unloading 1102 Unused Serialized files (Serialized files now loaded: 0)
System memory in use before: 56.9 MB.
System memory in use after: 56.9 MB.

Unloading 5 unused Assets to reduce memory usage. Loaded Objects now: 1558.
Total: 1.555800 ms (FindLiveObjects: 0.128200 ms CreateObjectMapping: 0.034100 ms MarkObjects: 1.340100 ms  DeleteObjects: 0.052100 ms)

========================================================================
Received Prepare
Registering precompiled user dll's ...
Registered in 0.000432 seconds.
Begin MonoManager ReloadAssembly
Native extension for WindowsStandalone target not found
Native extension for WebGL target not found
Refreshing native plugins compatible for Editor in 0.25 ms, found 0 plugins.
Preloading 0 native plugins for Editor in 0.00 ms.
Invoked RoslynAnalysisRunner static constructor.
RoslynAnalysisRunner will not be running.
RoslynAnalysisRunner has terminated.
Mono: successfully reloaded assembly
- Completed reload, in  0.742 seconds
Platform modules already initialized, skipping
Refreshing native plugins compatible for Editor in 0.24 ms, found 0 plugins.
Preloading 0 native plugins for Editor in 0.00 ms.
Unloading 1102 Unused Serialized files (Serialized files now loaded: 0)
System memory in use before: 56.9 MB.
System memory in use after: 57.0 MB.

Unloading 5 unused Assets to reduce memory usage. Loaded Objects now: 1560.
Total: 1.661700 ms (FindLiveObjects: 0.124100 ms CreateObjectMapping: 0.034000 ms MarkObjects: 1.450800 ms  DeleteObjects: 0.051900 ms)

========================================================================
Received Import Request.
  Time since last request: 24.577428 seconds.
  path: Assets/Scripts/BulletController.cs
  artifactKey: Guid(3f5a6c56ed8312e4895155b265b166c0) Importer(815301076,1909f56bfc062723c751e8b465ee728b)
Start importing Assets/Scripts/BulletController.cs using Guid(3f5a6c56ed8312e4895155b265b166c0) Importer(815301076,1909f56bfc062723c751e8b465ee728b)  -> (artifact id: '3ffed064981bc40de35e8faae06e33b2') in 0.004581 seconds
  Import took 0.006988 seconds .

========================================================================
Received Prepare
Registering precompiled user dll's ...
Registered in 0.000561 seconds.
Begin MonoManager ReloadAssembly
Native extension for WindowsStandalone target not found
Native extension for WebGL target not found
Refreshing native plugins compatible for Editor in 0.24 ms, found 0 plugins.
Preloading 0 native plugins for Editor in 0.00 ms.
Invoked RoslynAnalysisRunner static constructor.
RoslynAnalysisRunner will not be running.
RoslynAnalysisRunner has terminated.
Mono: successfully reloaded assembly
- Completed reload, in  0.780 seconds
Platform modules already initialized, skipping
Refreshing native plugins compatible for Editor in 0.24 ms, found 0 plugins.
Preloading 0 native plugins for Editor in 0.00 ms.
Unloading 1102 Unused Serialized files (Serialized files now loaded: 0)
System memory in use before: 56.9 MB.
System memory in use after: 57.0 MB.

Unloading 5 unused Assets to reduce memory usage. Loaded Objects now: 1562.
Total: 1.873300 ms (FindLiveObjects: 0.197200 ms CreateObjectMapping: 0.052800 ms MarkObjects: 1.564900 ms  DeleteObjects: 0.057000 ms)

========================================================================
Received Import Request.
  Time since last request: 26.496070 seconds.
  path: Assets/Scripts/BulletController.cs
  artifactKey: Guid(3f5a6c56ed8312e4895155b265b166c0) Importer(815301076,1909f56bfc062723c751e8b465ee728b)
Start importing Assets/Scripts/BulletController.cs using Guid(3f5a6c56ed8312e4895155b265b166c0) Importer(815301076,1909f56bfc062723c751e8b465ee728b)  -> (artifact id: '8a27e497b11658feb545b96905b6a30d') in 0.003432 seconds
  Import took 0.005277 seconds .

========================================================================
Received Prepare
Registering precompiled user dll's ...
Registered in 0.000411 seconds.
Begin MonoManager ReloadAssembly
Native extension for WindowsStandalone target not found
Native extension for WebGL target not found
Refreshing native plugins compatible for Editor in 0.23 ms, found 0 plugins.
Preloading 0 native plugins for Editor in 0.00 ms.
Invoked RoslynAnalysisRunner static constructor.
RoslynAnalysisRunner will not be running.
RoslynAnalysisRunner has terminated.
Mono: successfully reloaded assembly
- Completed reload, in  0.770 seconds
Platform modules already initialized, skipping
Refreshing native plugins compatible for Editor in 0.23 ms, found 0 plugins.
Preloading 0 native plugins for Editor in 0.00 ms.
Unloading 1102 Unused Serialized files (Serialized files now loaded: 0)
System memory in use before: 56.9 MB.
System memory in use after: 57.0 MB.

Unloading 5 unused Assets to reduce memory usage. Loaded Objects now: 1564.
Total: 1.558600 ms (FindLiveObjects: 0.131000 ms CreateObjectMapping: 0.034900 ms MarkObjects: 1.339300 ms  DeleteObjects: 0.052500 ms)

========================================================================
Received Import Request.
  Time since last request: 24.188945 seconds.
  path: Assets/Scripts/BulletController.cs
  artifactKey: Guid(3f5a6c56ed8312e4895155b265b166c0) Importer(815301076,1909f56bfc062723c751e8b465ee728b)
Start importing Assets/Scripts/BulletController.cs using Guid(3f5a6c56ed8312e4895155b265b166c0) Importer(815301076,1909f56bfc062723c751e8b465ee728b)  -> (artifact id: '8600f8e3404affc0781f982ae9d0d838') in 0.003492 seconds
  Import took 0.005438 seconds .

========================================================================
Received Import Request.
  Time since last request: 0.004213 seconds.
  path: Assets/Scripts/BulletController.cs
  artifactKey: Guid(3f5a6c56ed8312e4895155b265b166c0) Importer(815301076,1909f56bfc062723c751e8b465ee728b)
Start importing Assets/Scripts/BulletController.cs using Guid(3f5a6c56ed8312e4895155b265b166c0) Importer(815301076,1909f56bfc062723c751e8b465ee728b)  -> (artifact id: '8600f8e3404affc0781f982ae9d0d838') in 0.001778 seconds
  Import took 0.004600 seconds .

========================================================================
Received Prepare
Registering precompiled user dll's ...
Registered in 0.000440 seconds.
Begin MonoManager ReloadAssembly
Native extension for WindowsStandalone target not found
Native extension for WebGL target not found
Refreshing native plugins compatible for Editor in 0.25 ms, found 0 plugins.
Preloading 0 native plugins for Editor in 0.00 ms.
Invoked RoslynAnalysisRunner static constructor.
RoslynAnalysisRunner will not be running.
RoslynAnalysisRunner has terminated.
Mono: successfully reloaded assembly
- Completed reload, in  0.793 seconds
Platform modules already initialized, skipping
Refreshing native plugins compatible for Editor in 0.23 ms, found 0 plugins.
Preloading 0 native plugins for Editor in 0.00 ms.
Unloading 1102 Unused Serialized files (Serialized files now loaded: 0)
System memory in use before: 56.9 MB.
System memory in use after: 57.0 MB.

Unloading 5 unused Assets to reduce memory usage. Loaded Objects now: 1566.
Total: 1.648900 ms (FindLiveObjects: 0.137400 ms CreateObjectMapping: 0.036000 ms MarkObjects: 1.420600 ms  DeleteObjects: 0.054000 ms)

========================================================================
Received Import Request.
  Time since last request: 76.880190 seconds.
  path: Assets/Scripts/BulletController.cs
  artifactKey: Guid(3f5a6c56ed8312e4895155b265b166c0) Importer(815301076,1909f56bfc062723c751e8b465ee728b)
Start importing Assets/Scripts/BulletController.cs using Guid(3f5a6c56ed8312e4895155b265b166c0) Importer(815301076,1909f56bfc062723c751e8b465ee728b)  -> (artifact id: 'a85447daed18d272c5bd0f7841d68fc1') in 0.005620 seconds
  Import took 0.007541 seconds .

========================================================================
Received Prepare
Registering precompiled user dll's ...
Registered in 0.000518 seconds.
Begin MonoManager ReloadAssembly
Native extension for WindowsStandalone target not found
Native extension for WebGL target not found
Refreshing native plugins compatible for Editor in 0.35 ms, found 0 plugins.
Preloading 0 native plugins for Editor in 0.00 ms.
Invoked RoslynAnalysisRunner static constructor.
RoslynAnalysisRunner will not be running.
RoslynAnalysisRunner has terminated.
Mono: successfully reloaded assembly
- Completed reload, in  0.848 seconds
Platform modules already initialized, skipping
Refreshing native plugins compatible for Editor in 0.23 ms, found 0 plugins.
Preloading 0 native plugins for Editor in 0.00 ms.
Unloading 1102 Unused Serialized files (Serialized files now loaded: 0)
System memory in use before: 56.9 MB.
System memory in use after: 57.0 MB.

Unloading 5 unused Assets to reduce memory usage. Loaded Objects now: 1568.
Total: 1.768900 ms (FindLiveObjects: 0.206500 ms CreateObjectMapping: 0.053100 ms MarkObjects: 1.450800 ms  DeleteObjects: 0.057200 ms)

========================================================================
Received Import Request.
  Time since last request: 26.224202 seconds.
  path: Assets/Objects/Bullet.prefab
  artifactKey: Guid(2a8ca77fffc87d04ca53dbfff9716d10) Importer(815301076,1909f56bfc062723c751e8b465ee728b)
Start importing Assets/Objects/Bullet.prefab using Guid(2a8ca77fffc87d04ca53dbfff9716d10) Importer(815301076,1909f56bfc062723c751e8b465ee728b)  -> (artifact id: '965f6f09db3c45e8c09f5a7a61bfb1bd') in 0.106505 seconds
  Import took 0.109123 seconds .

========================================================================
Received Import Request.
  Time since last request: 0.000465 seconds.
  path: Assets/Objects/Bullet.prefab
  artifactKey: Guid(2a8ca77fffc87d04ca53dbfff9716d10) Importer(815301076,1909f56bfc062723c751e8b465ee728b)
Start importing Assets/Objects/Bullet.prefab using Guid(2a8ca77fffc87d04ca53dbfff9716d10) Importer(815301076,1909f56bfc062723c751e8b465ee728b)  -> (artifact id: '965f6f09db3c45e8c09f5a7a61bfb1bd') in 0.006805 seconds
  Import took 0.008755 seconds .

========================================================================
Received Import Request.
  Time since last request: 4.545394 seconds.
  path: Assets/Objects/Bullet.prefab
  artifactKey: Guid(2a8ca77fffc87d04ca53dbfff9716d10) Importer(815301076,1909f56bfc062723c751e8b465ee728b)
Start importing Assets/Objects/Bullet.prefab using Guid(2a8ca77fffc87d04ca53dbfff9716d10) Importer(815301076,1909f56bfc062723c751e8b465ee728b)  -> (artifact id: 'd59dbde896467a1de16da417735bd4c2') in 0.020281 seconds
  Import took 0.022873 seconds .

========================================================================
Received Import Request.
  Time since last request: 1.595485 seconds.
  path: Assets/Objects/Bullet.prefab
  artifactKey: Guid(2a8ca77fffc87d04ca53dbfff9716d10) Importer(815301076,1909f56bfc062723c751e8b465ee728b)
Start importing Assets/Objects/Bullet.prefab using Guid(2a8ca77fffc87d04ca53dbfff9716d10) Importer(815301076,1909f56bfc062723c751e8b465ee728b)  -> (artifact id: '977606d630249f8180391c057d80cccd') in 0.011585 seconds
  Import took 0.013908 seconds .

========================================================================
Received Prepare
Registering precompiled user dll's ...
Registered in 0.000519 seconds.
Begin MonoManager ReloadAssembly
Native extension for WindowsStandalone target not found
Native extension for WebGL target not found
Refreshing native plugins compatible for Editor in 0.25 ms, found 0 plugins.
Preloading 0 native plugins for Editor in 0.00 ms.
Invoked RoslynAnalysisRunner static constructor.
RoslynAnalysisRunner will not be running.
RoslynAnalysisRunner has terminated.
Mono: successfully reloaded assembly
- Completed reload, in  0.729 seconds
Platform modules already initialized, skipping
Refreshing native plugins compatible for Editor in 0.24 ms, found 0 plugins.
Preloading 0 native plugins for Editor in 0.00 ms.
Unloading 1102 Unused Serialized files (Serialized files now loaded: 0)
System memory in use before: 60.1 MB.
System memory in use after: 60.2 MB.

Unloading 5 unused Assets to reduce memory usage. Loaded Objects now: 1578.
Total: 1.701800 ms (FindLiveObjects: 0.123300 ms CreateObjectMapping: 0.034500 ms MarkObjects: 1.492400 ms  DeleteObjects: 0.050600 ms)

========================================================================
Received Import Request.
  Time since last request: 23.963977 seconds.
  path: Assets/Objects/Bullet.prefab
  artifactKey: Guid(2a8ca77fffc87d04ca53dbfff9716d10) Importer(815301076,1909f56bfc062723c751e8b465ee728b)
Start importing Assets/Objects/Bullet.prefab using Guid(2a8ca77fffc87d04ca53dbfff9716d10) Importer(815301076,1909f56bfc062723c751e8b465ee728b)  -> (artifact id: '00abfe3c1f8e372f1190eff8a8b88e29') in 0.067483 seconds
  Import took 0.069692 seconds .

========================================================================
Received Import Request.
  Time since last request: 2.128725 seconds.
  path: Assets/Objects/Bullet.prefab
  artifactKey: Guid(2a8ca77fffc87d04ca53dbfff9716d10) Importer(815301076,1909f56bfc062723c751e8b465ee728b)
Start importing Assets/Objects/Bullet.prefab using Guid(2a8ca77fffc87d04ca53dbfff9716d10) Importer(815301076,1909f56bfc062723c751e8b465ee728b)  -> (artifact id: '5727bb638ebfe51abf65cd3cd76cf331') in 0.005626 seconds
  Import took 0.008043 seconds .

========================================================================
Received Import Request.
  Time since last request: 0.007331 seconds.
  path: Assets/Objects/Bullet.prefab
  artifactKey: Guid(2a8ca77fffc87d04ca53dbfff9716d10) Importer(815301076,1909f56bfc062723c751e8b465ee728b)
Start importing Assets/Objects/Bullet.prefab using Guid(2a8ca77fffc87d04ca53dbfff9716d10) Importer(815301076,1909f56bfc062723c751e8b465ee728b)  -> (artifact id: '5727bb638ebfe51abf65cd3cd76cf331') in 0.006361 seconds
  Import took 0.008475 seconds .

========================================================================
Received Import Request.
  Time since last request: 3.853648 seconds.
  path: Assets/Objects/Bullet.prefab
  artifactKey: Guid(2a8ca77fffc87d04ca53dbfff9716d10) Importer(815301076,1909f56bfc062723c751e8b465ee728b)
Start importing Assets/Objects/Bullet.prefab using Guid(2a8ca77fffc87d04ca53dbfff9716d10) Importer(815301076,1909f56bfc062723c751e8b465ee728b)  -> (artifact id: '10414a9b152bcc521286c3c87046870f') in 0.009460 seconds
  Import took 0.019505 seconds .

========================================================================
Received Import Request.
  Time since last request: 0.001927 seconds.
  path: Assets/Objects/Bullet.prefab
  artifactKey: Guid(2a8ca77fffc87d04ca53dbfff9716d10) Importer(815301076,1909f56bfc062723c751e8b465ee728b)
Start importing Assets/Objects/Bullet.prefab using Guid(2a8ca77fffc87d04ca53dbfff9716d10) Importer(815301076,1909f56bfc062723c751e8b465ee728b)  -> (artifact id: '10414a9b152bcc521286c3c87046870f') in 0.006838 seconds
  Import took 0.009313 seconds .

========================================================================
Received Import Request.
  Time since last request: 2.392557 seconds.
  path: Assets/Objects/Bullet.prefab
  artifactKey: Guid(2a8ca77fffc87d04ca53dbfff9716d10) Importer(815301076,1909f56bfc062723c751e8b465ee728b)
Start importing Assets/Objects/Bullet.prefab using Guid(2a8ca77fffc87d04ca53dbfff9716d10) Importer(815301076,1909f56bfc062723c751e8b465ee728b)  -> (artifact id: '4b54bb8c531eb4636db918a66b9d8776') in 0.005936 seconds
  Import took 0.008472 seconds .

========================================================================
Received Import Request.
  Time since last request: 0.006350 seconds.
  path: Assets/Objects/Bullet.prefab
  artifactKey: Guid(2a8ca77fffc87d04ca53dbfff9716d10) Importer(815301076,1909f56bfc062723c751e8b465ee728b)
Start importing Assets/Objects/Bullet.prefab using Guid(2a8ca77fffc87d04ca53dbfff9716d10) Importer(815301076,1909f56bfc062723c751e8b465ee728b)  -> (artifact id: '4b54bb8c531eb4636db918a66b9d8776') in 0.005944 seconds
  Import took 0.008301 seconds .

========================================================================
Received Import Request.
  Time since last request: 3.426458 seconds.
  path: Assets/Objects/Bullet.prefab
  artifactKey: Guid(2a8ca77fffc87d04ca53dbfff9716d10) Importer(815301076,1909f56bfc062723c751e8b465ee728b)
Start importing Assets/Objects/Bullet.prefab using Guid(2a8ca77fffc87d04ca53dbfff9716d10) Importer(815301076,1909f56bfc062723c751e8b465ee728b)  -> (artifact id: '720cfbd231e64bbe97d1f6c04162a6e6') in 0.018283 seconds
  Import took 0.020888 seconds .

========================================================================
Received Import Request.
  Time since last request: 3.022558 seconds.
  path: Assets/Objects/Bullet.prefab
  artifactKey: Guid(2a8ca77fffc87d04ca53dbfff9716d10) Importer(815301076,1909f56bfc062723c751e8b465ee728b)
Start importing Assets/Objects/Bullet.prefab using Guid(2a8ca77fffc87d04ca53dbfff9716d10) Importer(815301076,1909f56bfc062723c751e8b465ee728b)  -> (artifact id: '5520dbcf9250c33989884e0d1a0dedf1') in 0.013403 seconds
  Import took 0.018262 seconds .

========================================================================
Received Import Request.
  Time since last request: 0.004766 seconds.
  path: Assets/Objects/Bullet.prefab
  artifactKey: Guid(2a8ca77fffc87d04ca53dbfff9716d10) Importer(815301076,1909f56bfc062723c751e8b465ee728b)
Start importing Assets/Objects/Bullet.prefab using Guid(2a8ca77fffc87d04ca53dbfff9716d10) Importer(815301076,1909f56bfc062723c751e8b465ee728b)  -> (artifact id: '5520dbcf9250c33989884e0d1a0dedf1') in 0.008719 seconds
  Import took 0.011273 seconds .

========================================================================
Received Prepare
Registering precompiled user dll's ...
Registered in 0.000537 seconds.
Begin MonoManager ReloadAssembly
Native extension for WindowsStandalone target not found
Native extension for WebGL target not found
Refreshing native plugins compatible for Editor in 0.23 ms, found 0 plugins.
Preloading 0 native plugins for Editor in 0.00 ms.
Invoked RoslynAnalysisRunner static constructor.
RoslynAnalysisRunner will not be running.
RoslynAnalysisRunner has terminated.
Mono: successfully reloaded assembly
- Completed reload, in  0.743 seconds
Platform modules already initialized, skipping
Refreshing native plugins compatible for Editor in 0.23 ms, found 0 plugins.
Preloading 0 native plugins for Editor in 0.00 ms.
Unloading 1102 Unused Serialized files (Serialized files now loaded: 0)
System memory in use before: 60.1 MB.
System memory in use after: 60.2 MB.

Unloading 5 unused Assets to reduce memory usage. Loaded Objects now: 1581.
Total: 1.794800 ms (FindLiveObjects: 0.192500 ms CreateObjectMapping: 0.053200 ms MarkObjects: 1.495900 ms  DeleteObjects: 0.052100 ms)

========================================================================
Received Prepare
Registering precompiled user dll's ...
Registered in 0.000522 seconds.
Begin MonoManager ReloadAssembly
Native extension for WindowsStandalone target not found
Native extension for WebGL target not found
Refreshing native plugins compatible for Editor in 0.24 ms, found 0 plugins.
Preloading 0 native plugins for Editor in 0.00 ms.
Invoked RoslynAnalysisRunner static constructor.
RoslynAnalysisRunner will not be running.
RoslynAnalysisRunner has terminated.
Mono: successfully reloaded assembly
- Completed reload, in  0.748 seconds
Platform modules already initialized, skipping
Refreshing native plugins compatible for Editor in 0.24 ms, found 0 plugins.
Preloading 0 native plugins for Editor in 0.00 ms.
Unloading 1102 Unused Serialized files (Serialized files now loaded: 0)
System memory in use before: 60.1 MB.
System memory in use after: 60.2 MB.

Unloading 5 unused Assets to reduce memory usage. Loaded Objects now: 1583.
Total: 2.438300 ms (FindLiveObjects: 0.272300 ms CreateObjectMapping: 0.051300 ms MarkObjects: 2.035700 ms  DeleteObjects: 0.076900 ms)

========================================================================
Received Prepare
Registering precompiled user dll's ...
Registered in 0.000671 seconds.
Begin MonoManager ReloadAssembly
Native extension for WindowsStandalone target not found
Native extension for WebGL target not found
Refreshing native plugins compatible for Editor in 0.23 ms, found 0 plugins.
Preloading 0 native plugins for Editor in 0.00 ms.
Invoked RoslynAnalysisRunner static constructor.
RoslynAnalysisRunner will not be running.
RoslynAnalysisRunner has terminated.
Mono: successfully reloaded assembly
- Completed reload, in  0.773 seconds
Platform modules already initialized, skipping
Refreshing native plugins compatible for Editor in 0.23 ms, found 0 plugins.
Preloading 0 native plugins for Editor in 0.00 ms.
Unloading 1102 Unused Serialized files (Serialized files now loaded: 0)
System memory in use before: 60.1 MB.
System memory in use after: 60.2 MB.

Unloading 5 unused Assets to reduce memory usage. Loaded Objects now: 1585.
Total: 1.549400 ms (FindLiveObjects: 0.131600 ms CreateObjectMapping: 0.034800 ms MarkObjects: 1.328200 ms  DeleteObjects: 0.053300 ms)

========================================================================
Received Import Request.
  Time since last request: 207.806769 seconds.
  path: Assets/Objects/Bullet.prefab
  artifactKey: Guid(2a8ca77fffc87d04ca53dbfff9716d10) Importer(815301076,1909f56bfc062723c751e8b465ee728b)
Start importing Assets/Objects/Bullet.prefab using Guid(2a8ca77fffc87d04ca53dbfff9716d10) Importer(815301076,1909f56bfc062723c751e8b465ee728b)  -> (artifact id: '411dda8641405162ff1994e2c388c98d') in 0.049791 seconds
  Import took 0.052013 seconds .

========================================================================
Received Prepare
Registering precompiled user dll's ...
Registered in 0.000495 seconds.
Begin MonoManager ReloadAssembly
Native extension for WindowsStandalone target not found
Native extension for WebGL target not found
Refreshing native plugins compatible for Editor in 0.27 ms, found 0 plugins.
Preloading 0 native plugins for Editor in 0.00 ms.
Invoked RoslynAnalysisRunner static constructor.
RoslynAnalysisRunner will not be running.
RoslynAnalysisRunner has terminated.
Mono: successfully reloaded assembly
- Completed reload, in  0.733 seconds
Platform modules already initialized, skipping
Refreshing native plugins compatible for Editor in 0.24 ms, found 0 plugins.
Preloading 0 native plugins for Editor in 0.00 ms.
Unloading 1102 Unused Serialized files (Serialized files now loaded: 0)
System memory in use before: 60.1 MB.
System memory in use after: 60.2 MB.

Unloading 5 unused Assets to reduce memory usage. Loaded Objects now: 1588.
Total: 1.684900 ms (FindLiveObjects: 0.178400 ms CreateObjectMapping: 0.035400 ms MarkObjects: 1.416700 ms  DeleteObjects: 0.053400 ms)

========================================================================
Received Prepare
Registering precompiled user dll's ...
Registered in 0.000432 seconds.
Begin MonoManager ReloadAssembly
Native extension for WindowsStandalone target not found
Native extension for WebGL target not found
Refreshing native plugins compatible for Editor in 0.34 ms, found 0 plugins.
Preloading 0 native plugins for Editor in 0.00 ms.
Invoked RoslynAnalysisRunner static constructor.
RoslynAnalysisRunner will not be running.
RoslynAnalysisRunner has terminated.
Mono: successfully reloaded assembly
- Completed reload, in  0.723 seconds
Platform modules already initialized, skipping
Refreshing native plugins compatible for Editor in 0.24 ms, found 0 plugins.
Preloading 0 native plugins for Editor in 0.00 ms.
Unloading 1102 Unused Serialized files (Serialized files now loaded: 0)
System memory in use before: 60.2 MB.
System memory in use after: 60.2 MB.

Unloading 5 unused Assets to reduce memory usage. Loaded Objects now: 1590.
Total: 1.713900 ms (FindLiveObjects: 0.213400 ms CreateObjectMapping: 0.053100 ms MarkObjects: 1.393900 ms  DeleteObjects: 0.052200 ms)

========================================================================
Received Import Request.
  Time since last request: 110.908682 seconds.
  path: Assets/Objects/Bullet.prefab
  artifactKey: Guid(2a8ca77fffc87d04ca53dbfff9716d10) Importer(815301076,1909f56bfc062723c751e8b465ee728b)
Start importing Assets/Objects/Bullet.prefab using Guid(2a8ca77fffc87d04ca53dbfff9716d10) Importer(815301076,1909f56bfc062723c751e8b465ee728b)  -> (artifact id: '7318790914e112414c5c214708ecf32e') in 0.056014 seconds
  Import took 0.058674 seconds .

========================================================================
Received Prepare
Registering precompiled user dll's ...
Registered in 0.000443 seconds.
Begin MonoManager ReloadAssembly
Native extension for WindowsStandalone target not found
Native extension for WebGL target not found
Refreshing native plugins compatible for Editor in 0.23 ms, found 0 plugins.
Preloading 0 native plugins for Editor in 0.00 ms.
Invoked RoslynAnalysisRunner static constructor.
RoslynAnalysisRunner will not be running.
RoslynAnalysisRunner has terminated.
Mono: successfully reloaded assembly
- Completed reload, in  0.772 seconds
Platform modules already initialized, skipping
Refreshing native plugins compatible for Editor in 0.24 ms, found 0 plugins.
Preloading 0 native plugins for Editor in 0.00 ms.
Unloading 1102 Unused Serialized files (Serialized files now loaded: 0)
System memory in use before: 60.2 MB.
System memory in use after: 60.2 MB.

Unloading 5 unused Assets to reduce memory usage. Loaded Objects now: 1593.
Total: 1.583400 ms (FindLiveObjects: 0.127600 ms CreateObjectMapping: 0.034500 ms MarkObjects: 1.368800 ms  DeleteObjects: 0.051700 ms)

========================================================================
Received Prepare
Registering precompiled user dll's ...
Registered in 0.000519 seconds.
Begin MonoManager ReloadAssembly
Native extension for WindowsStandalone target not found
Native extension for WebGL target not found
Refreshing native plugins compatible for Editor in 0.24 ms, found 0 plugins.
Preloading 0 native plugins for Editor in 0.00 ms.
Invoked RoslynAnalysisRunner static constructor.
RoslynAnalysisRunner will not be running.
RoslynAnalysisRunner has terminated.
Mono: successfully reloaded assembly
- Completed reload, in  0.746 seconds
Platform modules already initialized, skipping
Refreshing native plugins compatible for Editor in 0.26 ms, found 0 plugins.
Preloading 0 native plugins for Editor in 0.00 ms.
Unloading 1102 Unused Serialized files (Serialized files now loaded: 0)
System memory in use before: 60.2 MB.
System memory in use after: 60.2 MB.

Unloading 5 unused Assets to reduce memory usage. Loaded Objects now: 1595.
Total: 1.630300 ms (FindLiveObjects: 0.141300 ms CreateObjectMapping: 0.035100 ms MarkObjects: 1.397200 ms  DeleteObjects: 0.055600 ms)

========================================================================
Received Prepare
Registering precompiled user dll's ...
Registered in 0.000462 seconds.
Begin MonoManager ReloadAssembly
Native extension for WindowsStandalone target not found
Native extension for WebGL target not found
Refreshing native plugins compatible for Editor in 0.35 ms, found 0 plugins.
Preloading 0 native plugins for Editor in 0.00 ms.
Invoked RoslynAnalysisRunner static constructor.
RoslynAnalysisRunner will not be running.
RoslynAnalysisRunner has terminated.
Mono: successfully reloaded assembly
- Completed reload, in  0.755 seconds
Platform modules already initialized, skipping
Refreshing native plugins compatible for Editor in 0.24 ms, found 0 plugins.
Preloading 0 native plugins for Editor in 0.00 ms.
Unloading 1102 Unused Serialized files (Serialized files now loaded: 0)
System memory in use before: 60.2 MB.
System memory in use after: 60.2 MB.

Unloading 5 unused Assets to reduce memory usage. Loaded Objects now: 1597.
Total: 1.743500 ms (FindLiveObjects: 0.129700 ms CreateObjectMapping: 0.035400 ms MarkObjects: 1.517200 ms  DeleteObjects: 0.059600 ms)

========================================================================
Received Import Request.
  Time since last request: 538.545656 seconds.
  path: Assets/Objects/Bullet.prefab
  artifactKey: Guid(2a8ca77fffc87d04ca53dbfff9716d10) Importer(815301076,1909f56bfc062723c751e8b465ee728b)
Start importing Assets/Objects/Bullet.prefab using Guid(2a8ca77fffc87d04ca53dbfff9716d10) Importer(815301076,1909f56bfc062723c751e8b465ee728b)  -> (artifact id: 'b3ce3b80e7f5a6ab5f442b52a6b93ce3') in 0.049248 seconds
  Import took 0.051391 seconds .

========================================================================
Received Prepare
Registering precompiled user dll's ...
Registered in 0.000456 seconds.
Begin MonoManager ReloadAssembly
Native extension for WindowsStandalone target not found
Native extension for WebGL target not found
Refreshing native plugins compatible for Editor in 0.25 ms, found 0 plugins.
Preloading 0 native plugins for Editor in 0.00 ms.
Invoked RoslynAnalysisRunner static constructor.
RoslynAnalysisRunner will not be running.
RoslynAnalysisRunner has terminated.
Mono: successfully reloaded assembly
- Completed reload, in  0.767 seconds
Platform modules already initialized, skipping
Refreshing native plugins compatible for Editor in 0.24 ms, found 0 plugins.
Preloading 0 native plugins for Editor in 0.00 ms.
Unloading 1102 Unused Serialized files (Serialized files now loaded: 0)
System memory in use before: 60.2 MB.
System memory in use after: 60.3 MB.

Unloading 5 unused Assets to reduce memory usage. Loaded Objects now: 1600.
Total: 1.625900 ms (FindLiveObjects: 0.126900 ms CreateObjectMapping: 0.034200 ms MarkObjects: 1.410300 ms  DeleteObjects: 0.053600 ms)

========================================================================
Received Prepare
Registering precompiled user dll's ...
Registered in 0.000431 seconds.
Begin MonoManager ReloadAssembly
Native extension for WindowsStandalone target not found
Native extension for WebGL target not found
Refreshing native plugins compatible for Editor in 0.24 ms, found 0 plugins.
Preloading 0 native plugins for Editor in 0.00 ms.
Invoked RoslynAnalysisRunner static constructor.
RoslynAnalysisRunner will not be running.
RoslynAnalysisRunner has terminated.
Mono: successfully reloaded assembly
- Completed reload, in  0.743 seconds
Platform modules already initialized, skipping
Refreshing native plugins compatible for Editor in 0.23 ms, found 0 plugins.
Preloading 0 native plugins for Editor in 0.00 ms.
Unloading 1102 Unused Serialized files (Serialized files now loaded: 0)
System memory in use before: 60.2 MB.
System memory in use after: 60.3 MB.

Unloading 5 unused Assets to reduce memory usage. Loaded Objects now: 1602.
Total: 1.736700 ms (FindLiveObjects: 0.175100 ms CreateObjectMapping: 0.035600 ms MarkObjects: 1.462900 ms  DeleteObjects: 0.061500 ms)

========================================================================
Received Prepare
Registering precompiled user dll's ...
Registered in 0.000673 seconds.
Begin MonoManager ReloadAssembly
Native extension for WindowsStandalone target not found
Native extension for WebGL target not found
Refreshing native plugins compatible for Editor in 0.24 ms, found 0 plugins.
Preloading 0 native plugins for Editor in 0.00 ms.
Invoked RoslynAnalysisRunner static constructor.
RoslynAnalysisRunner will not be running.
RoslynAnalysisRunner has terminated.
Mono: successfully reloaded assembly
- Completed reload, in  0.755 seconds
Platform modules already initialized, skipping
Refreshing native plugins compatible for Editor in 0.24 ms, found 0 plugins.
Preloading 0 native plugins for Editor in 0.00 ms.
Unloading 1102 Unused Serialized files (Serialized files now loaded: 0)
System memory in use before: 60.2 MB.
System memory in use after: 60.3 MB.

Unloading 5 unused Assets to reduce memory usage. Loaded Objects now: 1604.
Total: 1.733600 ms (FindLiveObjects: 0.128700 ms CreateObjectMapping: 0.034400 ms MarkObjects: 1.503800 ms  DeleteObjects: 0.065900 ms)

========================================================================
Received Prepare
Registering precompiled user dll's ...
Registered in 0.000452 seconds.
Begin MonoManager ReloadAssembly
Native extension for WindowsStandalone target not found
Native extension for WebGL target not found
Refreshing native plugins compatible for Editor in 0.24 ms, found 0 plugins.
Preloading 0 native plugins for Editor in 0.00 ms.
Invoked RoslynAnalysisRunner static constructor.
RoslynAnalysisRunner will not be running.
RoslynAnalysisRunner has terminated.
Mono: successfully reloaded assembly
- Completed reload, in  0.766 seconds
Platform modules already initialized, skipping
Refreshing native plugins compatible for Editor in 0.24 ms, found 0 plugins.
Preloading 0 native plugins for Editor in 0.00 ms.
Unloading 1102 Unused Serialized files (Serialized files now loaded: 0)
System memory in use before: 60.2 MB.
System memory in use after: 60.3 MB.

Unloading 5 unused Assets to reduce memory usage. Loaded Objects now: 1606.
Total: 1.743100 ms (FindLiveObjects: 0.208400 ms CreateObjectMapping: 0.053800 ms MarkObjects: 1.421500 ms  DeleteObjects: 0.057900 ms)

========================================================================
Received Prepare
Registering precompiled user dll's ...
Registered in 0.000467 seconds.
Begin MonoManager ReloadAssembly
Native extension for WindowsStandalone target not found
Native extension for WebGL target not found
Refreshing native plugins compatible for Editor in 0.24 ms, found 0 plugins.
Preloading 0 native plugins for Editor in 0.00 ms.
Invoked RoslynAnalysisRunner static constructor.
RoslynAnalysisRunner will not be running.
RoslynAnalysisRunner has terminated.
Mono: successfully reloaded assembly
- Completed reload, in  0.770 seconds
Platform modules already initialized, skipping
Refreshing native plugins compatible for Editor in 0.24 ms, found 0 plugins.
Preloading 0 native plugins for Editor in 0.00 ms.
Unloading 1102 Unused Serialized files (Serialized files now loaded: 0)
System memory in use before: 60.2 MB.
System memory in use after: 60.3 MB.

Unloading 5 unused Assets to reduce memory usage. Loaded Objects now: 1608.
Total: 1.731500 ms (FindLiveObjects: 0.198200 ms CreateObjectMapping: 0.053000 ms MarkObjects: 1.420800 ms  DeleteObjects: 0.056400 ms)

========================================================================
Received Prepare
Registering precompiled user dll's ...
Registered in 0.000439 seconds.
Begin MonoManager ReloadAssembly
Native extension for WindowsStandalone target not found
Native extension for WebGL target not found
Refreshing native plugins compatible for Editor in 0.23 ms, found 0 plugins.
Preloading 0 native plugins for Editor in 0.00 ms.
Invoked RoslynAnalysisRunner static constructor.
RoslynAnalysisRunner will not be running.
RoslynAnalysisRunner has terminated.
Mono: successfully reloaded assembly
- Completed reload, in  0.751 seconds
Platform modules already initialized, skipping
Refreshing native plugins compatible for Editor in 0.23 ms, found 0 plugins.
Preloading 0 native plugins for Editor in 0.00 ms.
Unloading 1102 Unused Serialized files (Serialized files now loaded: 0)
System memory in use before: 60.2 MB.
System memory in use after: 60.3 MB.

Unloading 5 unused Assets to reduce memory usage. Loaded Objects now: 1610.
Total: 1.825000 ms (FindLiveObjects: 0.196900 ms CreateObjectMapping: 0.053300 ms MarkObjects: 1.519100 ms  DeleteObjects: 0.054700 ms)

========================================================================
Received Prepare
Registering precompiled user dll's ...
Registered in 0.000451 seconds.
Begin MonoManager ReloadAssembly
Native extension for WindowsStandalone target not found
Native extension for WebGL target not found
Refreshing native plugins compatible for Editor in 0.24 ms, found 0 plugins.
Preloading 0 native plugins for Editor in 0.00 ms.
Invoked RoslynAnalysisRunner static constructor.
RoslynAnalysisRunner will not be running.
RoslynAnalysisRunner has terminated.
Mono: successfully reloaded assembly
- Completed reload, in  0.781 seconds
Platform modules already initialized, skipping
Refreshing native plugins compatible for Editor in 0.24 ms, found 0 plugins.
Preloading 0 native plugins for Editor in 0.00 ms.
Unloading 1102 Unused Serialized files (Serialized files now loaded: 0)
System memory in use before: 60.2 MB.
System memory in use after: 60.3 MB.

Unloading 5 unused Assets to reduce memory usage. Loaded Objects now: 1612.
Total: 1.831900 ms (FindLiveObjects: 0.199100 ms CreateObjectMapping: 0.053500 ms MarkObjects: 1.523600 ms  DeleteObjects: 0.054500 ms)

========================================================================
Received Prepare
Registering precompiled user dll's ...
Registered in 0.000427 seconds.
Begin MonoManager ReloadAssembly
Native extension for WindowsStandalone target not found
Native extension for WebGL target not found
Refreshing native plugins compatible for Editor in 0.23 ms, found 0 plugins.
Preloading 0 native plugins for Editor in 0.00 ms.
Invoked RoslynAnalysisRunner static constructor.
RoslynAnalysisRunner will not be running.
RoslynAnalysisRunner has terminated.
Mono: successfully reloaded assembly
- Completed reload, in  0.741 seconds
Platform modules already initialized, skipping
Refreshing native plugins compatible for Editor in 0.23 ms, found 0 plugins.
Preloading 0 native plugins for Editor in 0.00 ms.
Unloading 1102 Unused Serialized files (Serialized files now loaded: 0)
System memory in use before: 60.2 MB.
System memory in use after: 60.3 MB.

Unloading 5 unused Assets to reduce memory usage. Loaded Objects now: 1614.
Total: 1.800300 ms (FindLiveObjects: 0.138500 ms CreateObjectMapping: 0.035000 ms MarkObjects: 1.570000 ms  DeleteObjects: 0.055800 ms)

AssetImportWorkerClient::OnTransportError - code=2 error=End of file
